{"C:\\Users\\j0rda\\OneDrive\\Área de Trabalho\\labenu\\modulo-iv\\projeto-labeddit\\labeddit-backend\\labeddit-backend\\src\\business\\CommentBusiness.ts": {"path":"C:\\Users\\j0rda\\OneDrive\\Área de Trabalho\\labenu\\modulo-iv\\projeto-labeddit\\labeddit-backend\\labeddit-backend\\src\\business\\CommentBusiness.ts","statementMap":{"0":{"start":{"line":3,"column":0},"end":{"line":3,"column":60}},"1":{"start":{"line":4,"column":0},"end":{"line":4,"column":56}},"2":{"start":{"line":5,"column":0},"end":{"line":5,"column":64}},"3":{"start":{"line":21,"column":0},"end":{"line":21,"column":null}},"4":{"start":{"line":29,"column":12},"end":{"line":29,"column":45}},"5":{"start":{"line":30,"column":12},"end":{"line":30,"column":36}},"6":{"start":{"line":31,"column":12},"end":{"line":31,"column":38}},"7":{"start":{"line":32,"column":12},"end":{"line":32,"column":38}},"8":{"start":{"line":35,"column":9},"end":{"line":67,"column":4}},"9":{"start":{"line":37,"column":37},"end":{"line":67,"column":4}},"10":{"start":{"line":38,"column":30},"end":{"line":38,"column":35}},"11":{"start":{"line":40,"column":20},"end":{"line":40,"column":55}},"12":{"start":{"line":42,"column":4},"end":{"line":44,"column":5}},"13":{"start":{"line":43,"column":6},"end":{"line":43,"column":50}},"14":{"start":{"line":46,"column":23},"end":{"line":46,"column":78}},"15":{"start":{"line":48,"column":26},"end":{"line":62,"column":6}},"16":{"start":{"line":49,"column":22},"end":{"line":58,"column":null}},"17":{"start":{"line":61,"column":6},"end":{"line":61,"column":39}},"18":{"start":{"line":64,"column":43},"end":{"line":64,"column":56}},"19":{"start":{"line":66,"column":4},"end":{"line":66,"column":20}},"20":{"start":{"line":69,"column":9},"end":{"line":105,"column":4}},"21":{"start":{"line":71,"column":39},"end":{"line":105,"column":4}},"22":{"start":{"line":72,"column":39},"end":{"line":72,"column":44}},"23":{"start":{"line":74,"column":20},"end":{"line":74,"column":55}},"24":{"start":{"line":76,"column":4},"end":{"line":78,"column":5}},"25":{"start":{"line":77,"column":6},"end":{"line":77,"column":53}},"26":{"start":{"line":80,"column":15},"end":{"line":80,"column":42}},"27":{"start":{"line":82,"column":20},"end":{"line":90,"column":null}},"28":{"start":{"line":93,"column":22},"end":{"line":93,"column":41}},"29":{"start":{"line":94,"column":4},"end":{"line":94,"column":57}},"30":{"start":{"line":96,"column":4},"end":{"line":96,"column":56}},"31":{"start":{"line":98,"column":4},"end":{"line":103,"column":null}},"32":{"start":{"line":107,"column":9},"end":{"line":178,"column":4}},"33":{"start":{"line":109,"column":46},"end":{"line":178,"column":4}},"34":{"start":{"line":110,"column":39},"end":{"line":110,"column":44}},"35":{"start":{"line":112,"column":20},"end":{"line":112,"column":55}},"36":{"start":{"line":114,"column":4},"end":{"line":116,"column":5}},"37":{"start":{"line":115,"column":6},"end":{"line":115,"column":52}},"38":{"start":{"line":119,"column":6},"end":{"line":119,"column":75}},"39":{"start":{"line":121,"column":4},"end":{"line":123,"column":5}},"40":{"start":{"line":122,"column":6},"end":{"line":122,"column":64}},"41":{"start":{"line":125,"column":17},"end":{"line":134,"column":null}},"42":{"start":{"line":137,"column":23},"end":{"line":137,"column":35}},"43":{"start":{"line":139,"column":48},"end":{"line":143,"column":6}},"44":{"start":{"line":145,"column":30},"end":{"line":146,"column":null}},"45":{"start":{"line":149,"column":4},"end":{"line":170,"column":5}},"46":{"start":{"line":150,"column":6},"end":{"line":157,"column":7}},"47":{"start":{"line":151,"column":8},"end":{"line":151,"column":69}},"48":{"start":{"line":152,"column":8},"end":{"line":152,"column":26}},"49":{"start":{"line":154,"column":8},"end":{"line":154,"column":69}},"50":{"start":{"line":155,"column":8},"end":{"line":155,"column":26}},"51":{"start":{"line":156,"column":8},"end":{"line":156,"column":26}},"52":{"start":{"line":158,"column":11},"end":{"line":170,"column":5}},"53":{"start":{"line":159,"column":6},"end":{"line":166,"column":7}},"54":{"start":{"line":160,"column":8},"end":{"line":160,"column":69}},"55":{"start":{"line":161,"column":8},"end":{"line":161,"column":29}},"56":{"start":{"line":163,"column":8},"end":{"line":163,"column":69}},"57":{"start":{"line":164,"column":8},"end":{"line":164,"column":29}},"58":{"start":{"line":165,"column":8},"end":{"line":165,"column":23}},"59":{"start":{"line":168,"column":6},"end":{"line":168,"column":67}},"60":{"start":{"line":169,"column":6},"end":{"line":169,"column":48}},"61":{"start":{"line":172,"column":29},"end":{"line":172,"column":45}},"62":{"start":{"line":173,"column":4},"end":{"line":173,"column":64}},"63":{"start":{"line":175,"column":50},"end":{"line":175,"column":59}},"64":{"start":{"line":177,"column":4},"end":{"line":177,"column":18}},"65":{"start":{"line":27,"column":0},"end":{"line":27,"column":13}}},"fnMap":{"0":{"name":"(anonymous_7)","decl":{"start":{"line":28,"column":2},"end":{"line":28,"column":null}},"loc":{"start":{"line":32,"column":38},"end":{"line":33,"column":6}}},"1":{"name":"(anonymous_8)","decl":{"start":{"line":35,"column":23},"end":{"line":35,"column":null}},"loc":{"start":{"line":37,"column":37},"end":{"line":67,"column":4}}},"2":{"name":"(anonymous_9)","decl":{"start":{"line":37,"column":37},"end":{"line":37,"column":null}},"loc":{"start":{"line":37,"column":37},"end":{"line":67,"column":3}}},"3":{"name":"(anonymous_10)","decl":{"start":{"line":48,"column":41},"end":{"line":48,"column":42}},"loc":{"start":{"line":48,"column":60},"end":{"line":62,"column":5}}},"4":{"name":"(anonymous_11)","decl":{"start":{"line":69,"column":25},"end":{"line":69,"column":null}},"loc":{"start":{"line":71,"column":39},"end":{"line":105,"column":4}}},"5":{"name":"(anonymous_12)","decl":{"start":{"line":71,"column":39},"end":{"line":71,"column":null}},"loc":{"start":{"line":71,"column":39},"end":{"line":105,"column":3}}},"6":{"name":"(anonymous_13)","decl":{"start":{"line":107,"column":32},"end":{"line":107,"column":null}},"loc":{"start":{"line":109,"column":46},"end":{"line":178,"column":4}}},"7":{"name":"(anonymous_14)","decl":{"start":{"line":109,"column":46},"end":{"line":109,"column":null}},"loc":{"start":{"line":109,"column":46},"end":{"line":178,"column":3}}}},"branchMap":{"0":{"loc":{"start":{"line":42,"column":4},"end":{"line":44,"column":5}},"type":"if","locations":[{"start":{"line":42,"column":4},"end":{"line":44,"column":5}}]},"1":{"loc":{"start":{"line":76,"column":4},"end":{"line":78,"column":5}},"type":"if","locations":[{"start":{"line":76,"column":4},"end":{"line":78,"column":5}}]},"2":{"loc":{"start":{"line":114,"column":4},"end":{"line":116,"column":5}},"type":"if","locations":[{"start":{"line":114,"column":4},"end":{"line":116,"column":5}}]},"3":{"loc":{"start":{"line":121,"column":4},"end":{"line":123,"column":5}},"type":"if","locations":[{"start":{"line":121,"column":4},"end":{"line":123,"column":5}}]},"4":{"loc":{"start":{"line":137,"column":23},"end":{"line":137,"column":35}},"type":"cond-expr","locations":[{"start":{"line":137,"column":30},"end":{"line":137,"column":31}},{"start":{"line":137,"column":34},"end":{"line":137,"column":35}}]},"5":{"loc":{"start":{"line":149,"column":4},"end":{"line":170,"column":5}},"type":"if","locations":[{"start":{"line":149,"column":4},"end":{"line":170,"column":5}},{"start":{"line":158,"column":11},"end":{"line":170,"column":5}}]},"6":{"loc":{"start":{"line":150,"column":6},"end":{"line":157,"column":7}},"type":"if","locations":[{"start":{"line":150,"column":6},"end":{"line":157,"column":7}},{"start":{"line":153,"column":13},"end":{"line":157,"column":7}}]},"7":{"loc":{"start":{"line":158,"column":11},"end":{"line":170,"column":5}},"type":"if","locations":[{"start":{"line":158,"column":11},"end":{"line":170,"column":5}},{"start":{"line":167,"column":11},"end":{"line":170,"column":5}}]},"8":{"loc":{"start":{"line":159,"column":6},"end":{"line":166,"column":7}},"type":"if","locations":[{"start":{"line":159,"column":6},"end":{"line":166,"column":7}},{"start":{"line":162,"column":13},"end":{"line":166,"column":7}}]},"9":{"loc":{"start":{"line":169,"column":6},"end":{"line":169,"column":47}},"type":"cond-expr","locations":[{"start":{"line":169,"column":13},"end":{"line":169,"column":27}},{"start":{"line":169,"column":30},"end":{"line":169,"column":47}}]}},"s":{"0":3,"1":3,"2":3,"3":3,"4":3,"5":3,"6":3,"7":3,"8":3,"9":2,"10":2,"11":2,"12":2,"13":2,"14":0,"15":0,"16":0,"17":0,"18":0,"19":0,"20":3,"21":1,"22":1,"23":1,"24":1,"25":1,"26":0,"27":0,"28":0,"29":0,"30":0,"31":0,"32":3,"33":2,"34":2,"35":2,"36":2,"37":2,"38":0,"39":0,"40":0,"41":0,"42":0,"43":0,"44":0,"45":0,"46":0,"47":0,"48":0,"49":0,"50":0,"51":0,"52":0,"53":0,"54":0,"55":0,"56":0,"57":0,"58":0,"59":0,"60":0,"61":0,"62":0,"63":0,"64":0,"65":3},"f":{"0":3,"1":2,"2":2,"3":0,"4":1,"5":1,"6":2,"7":2},"b":{"0":[2],"1":[1],"2":[2],"3":[0],"4":[0,0],"5":[0,0],"6":[0,0],"7":[0,0],"8":[0,0],"9":[0,0]}}
,"C:\\Users\\j0rda\\OneDrive\\Área de Trabalho\\labenu\\modulo-iv\\projeto-labeddit\\labeddit-backend\\labeddit-backend\\src\\business\\PostBusiness.ts": {"path":"C:\\Users\\j0rda\\OneDrive\\Área de Trabalho\\labenu\\modulo-iv\\projeto-labeddit\\labeddit-backend\\labeddit-backend\\src\\business\\PostBusiness.ts","statementMap":{"0":{"start":{"line":1,"column":0},"end":{"line":1,"column":67}},"1":{"start":{"line":2,"column":0},"end":{"line":2,"column":60}},"2":{"start":{"line":3,"column":0},"end":{"line":3,"column":56}},"3":{"start":{"line":7,"column":0},"end":{"line":7,"column":44}},"4":{"start":{"line":8,"column":0},"end":{"line":8,"column":39}},"5":{"start":{"line":37,"column":2},"end":{"line":37,"column":54}},"6":{"start":{"line":37,"column":42},"end":{"line":37,"column":54}},"7":{"start":{"line":38,"column":2},"end":{"line":38,"column":58}},"8":{"start":{"line":38,"column":45},"end":{"line":38,"column":58}},"9":{"start":{"line":40,"column":2},"end":{"line":40,"column":14}},"10":{"start":{"line":45,"column":12},"end":{"line":45,"column":38}},"11":{"start":{"line":46,"column":12},"end":{"line":46,"column":36}},"12":{"start":{"line":47,"column":12},"end":{"line":47,"column":38}},"13":{"start":{"line":50,"column":9},"end":{"line":95,"column":4}},"14":{"start":{"line":52,"column":34},"end":{"line":95,"column":4}},"15":{"start":{"line":53,"column":22},"end":{"line":53,"column":27}},"16":{"start":{"line":55,"column":20},"end":{"line":55,"column":55}},"17":{"start":{"line":57,"column":4},"end":{"line":59,"column":5}},"18":{"start":{"line":58,"column":6},"end":{"line":58,"column":50}},"19":{"start":{"line":61,"column":16},"end":{"line":61,"column":18}},"20":{"start":{"line":63,"column":20},"end":{"line":63,"column":55}},"21":{"start":{"line":65,"column":4},"end":{"line":92,"column":5}},"22":{"start":{"line":66,"column":32},"end":{"line":70,"column":8}},"23":{"start":{"line":72,"column":22},"end":{"line":74,"column":null}},"24":{"start":{"line":77,"column":21},"end":{"line":87,"column":null}},"25":{"start":{"line":90,"column":24},"end":{"line":90,"column":48}},"26":{"start":{"line":91,"column":6},"end":{"line":91,"column":28}},"27":{"start":{"line":94,"column":4},"end":{"line":94,"column":17}},"28":{"start":{"line":97,"column":9},"end":{"line":166,"column":4}},"29":{"start":{"line":99,"column":37},"end":{"line":166,"column":4}},"30":{"start":{"line":100,"column":26},"end":{"line":100,"column":31}},"31":{"start":{"line":102,"column":20},"end":{"line":102,"column":55}},"32":{"start":{"line":104,"column":4},"end":{"line":106,"column":5}},"33":{"start":{"line":105,"column":6},"end":{"line":105,"column":50}},"34":{"start":{"line":108,"column":17},"end":{"line":108,"column":57}},"35":{"start":{"line":110,"column":4},"end":{"line":163,"column":5}},"36":{"start":{"line":111,"column":32},"end":{"line":115,"column":8}},"37":{"start":{"line":117,"column":25},"end":{"line":117,"column":72}},"38":{"start":{"line":118,"column":24},"end":{"line":118,"column":26}},"39":{"start":{"line":120,"column":6},"end":{"line":138,"column":7}},"40":{"start":{"line":122,"column":10},"end":{"line":126,"column":12}},"41":{"start":{"line":128,"column":27},"end":{"line":134,"column":null}},"42":{"start":{"line":137,"column":8},"end":{"line":137,"column":40}},"43":{"start":{"line":140,"column":22},"end":{"line":143,"column":null}},"44":{"start":{"line":146,"column":21},"end":{"line":157,"column":null}},"45":{"start":{"line":160,"column":24},"end":{"line":160,"column":48}},"46":{"start":{"line":162,"column":6},"end":{"line":162,"column":23}},"47":{"start":{"line":165,"column":4},"end":{"line":165,"column":16}},"48":{"start":{"line":168,"column":9},"end":{"line":203,"column":4}},"49":{"start":{"line":170,"column":36},"end":{"line":203,"column":4}},"50":{"start":{"line":171,"column":31},"end":{"line":171,"column":36}},"51":{"start":{"line":173,"column":20},"end":{"line":173,"column":55}},"52":{"start":{"line":175,"column":4},"end":{"line":177,"column":5}},"53":{"start":{"line":176,"column":6},"end":{"line":176,"column":50}},"54":{"start":{"line":179,"column":15},"end":{"line":179,"column":42}},"55":{"start":{"line":181,"column":17},"end":{"line":189,"column":null}},"56":{"start":{"line":192,"column":19},"end":{"line":192,"column":35}},"57":{"start":{"line":194,"column":4},"end":{"line":194,"column":47}},"58":{"start":{"line":196,"column":4},"end":{"line":201,"column":null}},"59":{"start":{"line":205,"column":9},"end":{"line":245,"column":4}},"60":{"start":{"line":207,"column":36},"end":{"line":245,"column":4}},"61":{"start":{"line":208,"column":41},"end":{"line":208,"column":46}},"62":{"start":{"line":210,"column":20},"end":{"line":210,"column":55}},"63":{"start":{"line":212,"column":4},"end":{"line":214,"column":5}},"64":{"start":{"line":213,"column":6},"end":{"line":213,"column":50}},"65":{"start":{"line":216,"column":19},"end":{"line":216,"column":65}},"66":{"start":{"line":218,"column":4},"end":{"line":220,"column":5}},"67":{"start":{"line":219,"column":6},"end":{"line":219,"column":61}},"68":{"start":{"line":222,"column":4},"end":{"line":224,"column":5}},"69":{"start":{"line":223,"column":6},"end":{"line":223,"column":75}},"70":{"start":{"line":226,"column":17},"end":{"line":234,"column":null}},"71":{"start":{"line":237,"column":4},"end":{"line":237,"column":29}},"72":{"start":{"line":239,"column":25},"end":{"line":239,"column":41}},"73":{"start":{"line":240,"column":4},"end":{"line":240,"column":53}},"74":{"start":{"line":242,"column":42},"end":{"line":242,"column":51}},"75":{"start":{"line":244,"column":4},"end":{"line":244,"column":20}},"76":{"start":{"line":247,"column":9},"end":{"line":275,"column":4}},"77":{"start":{"line":249,"column":36},"end":{"line":275,"column":4}},"78":{"start":{"line":250,"column":34},"end":{"line":250,"column":39}},"79":{"start":{"line":252,"column":20},"end":{"line":252,"column":55}},"80":{"start":{"line":254,"column":4},"end":{"line":256,"column":5}},"81":{"start":{"line":255,"column":6},"end":{"line":255,"column":63}},"82":{"start":{"line":258,"column":23},"end":{"line":258,"column":71}},"83":{"start":{"line":260,"column":4},"end":{"line":262,"column":5}},"84":{"start":{"line":261,"column":6},"end":{"line":261,"column":65}},"85":{"start":{"line":264,"column":4},"end":{"line":268,"column":5}},"86":{"start":{"line":265,"column":6},"end":{"line":267,"column":7}},"87":{"start":{"line":266,"column":8},"end":{"line":266,"column":75}},"88":{"start":{"line":270,"column":4},"end":{"line":270,"column":51}},"89":{"start":{"line":272,"column":40},"end":{"line":272,"column":49}},"90":{"start":{"line":274,"column":4},"end":{"line":274,"column":18}},"91":{"start":{"line":277,"column":9},"end":{"line":346,"column":4}},"92":{"start":{"line":279,"column":43},"end":{"line":346,"column":4}},"93":{"start":{"line":280,"column":36},"end":{"line":280,"column":41}},"94":{"start":{"line":282,"column":20},"end":{"line":282,"column":55}},"95":{"start":{"line":284,"column":4},"end":{"line":286,"column":5}},"96":{"start":{"line":285,"column":6},"end":{"line":285,"column":52}},"97":{"start":{"line":288,"column":19},"end":{"line":288,"column":63}},"98":{"start":{"line":290,"column":4},"end":{"line":292,"column":5}},"99":{"start":{"line":291,"column":6},"end":{"line":291,"column":61}},"100":{"start":{"line":294,"column":17},"end":{"line":302,"column":null}},"101":{"start":{"line":305,"column":23},"end":{"line":305,"column":35}},"102":{"start":{"line":307,"column":41},"end":{"line":311,"column":6}},"103":{"start":{"line":313,"column":30},"end":{"line":314,"column":null}},"104":{"start":{"line":317,"column":4},"end":{"line":338,"column":5}},"105":{"start":{"line":318,"column":6},"end":{"line":325,"column":7}},"106":{"start":{"line":319,"column":8},"end":{"line":319,"column":65}},"107":{"start":{"line":320,"column":8},"end":{"line":320,"column":26}},"108":{"start":{"line":322,"column":8},"end":{"line":322,"column":65}},"109":{"start":{"line":323,"column":8},"end":{"line":323,"column":26}},"110":{"start":{"line":324,"column":8},"end":{"line":324,"column":26}},"111":{"start":{"line":326,"column":11},"end":{"line":338,"column":5}},"112":{"start":{"line":327,"column":6},"end":{"line":334,"column":7}},"113":{"start":{"line":328,"column":8},"end":{"line":328,"column":65}},"114":{"start":{"line":329,"column":8},"end":{"line":329,"column":29}},"115":{"start":{"line":331,"column":8},"end":{"line":331,"column":65}},"116":{"start":{"line":332,"column":8},"end":{"line":332,"column":29}},"117":{"start":{"line":333,"column":8},"end":{"line":333,"column":23}},"118":{"start":{"line":336,"column":6},"end":{"line":336,"column":63}},"119":{"start":{"line":337,"column":6},"end":{"line":337,"column":48}},"120":{"start":{"line":340,"column":26},"end":{"line":340,"column":42}},"121":{"start":{"line":341,"column":4},"end":{"line":341,"column":54}},"122":{"start":{"line":343,"column":47},"end":{"line":343,"column":56}},"123":{"start":{"line":345,"column":4},"end":{"line":345,"column":18}},"124":{"start":{"line":43,"column":0},"end":{"line":43,"column":13}}},"fnMap":{"0":{"name":"checkRating","decl":{"start":{"line":36,"column":9},"end":{"line":36,"column":20}},"loc":{"start":{"line":36,"column":62},"end":{"line":41,"column":1}}},"1":{"name":"(anonymous_8)","decl":{"start":{"line":44,"column":2},"end":{"line":44,"column":null}},"loc":{"start":{"line":47,"column":38},"end":{"line":48,"column":6}}},"2":{"name":"(anonymous_9)","decl":{"start":{"line":50,"column":20},"end":{"line":50,"column":null}},"loc":{"start":{"line":52,"column":34},"end":{"line":95,"column":4}}},"3":{"name":"(anonymous_10)","decl":{"start":{"line":52,"column":34},"end":{"line":52,"column":null}},"loc":{"start":{"line":52,"column":34},"end":{"line":95,"column":3}}},"4":{"name":"(anonymous_11)","decl":{"start":{"line":97,"column":23},"end":{"line":97,"column":null}},"loc":{"start":{"line":99,"column":37},"end":{"line":166,"column":4}}},"5":{"name":"(anonymous_12)","decl":{"start":{"line":99,"column":37},"end":{"line":99,"column":null}},"loc":{"start":{"line":99,"column":37},"end":{"line":166,"column":3}}},"6":{"name":"(anonymous_13)","decl":{"start":{"line":168,"column":22},"end":{"line":168,"column":null}},"loc":{"start":{"line":170,"column":36},"end":{"line":203,"column":4}}},"7":{"name":"(anonymous_14)","decl":{"start":{"line":170,"column":36},"end":{"line":170,"column":null}},"loc":{"start":{"line":170,"column":36},"end":{"line":203,"column":3}}},"8":{"name":"(anonymous_15)","decl":{"start":{"line":205,"column":22},"end":{"line":205,"column":null}},"loc":{"start":{"line":207,"column":36},"end":{"line":245,"column":4}}},"9":{"name":"(anonymous_16)","decl":{"start":{"line":207,"column":36},"end":{"line":207,"column":null}},"loc":{"start":{"line":207,"column":36},"end":{"line":245,"column":3}}},"10":{"name":"(anonymous_17)","decl":{"start":{"line":247,"column":22},"end":{"line":247,"column":null}},"loc":{"start":{"line":249,"column":36},"end":{"line":275,"column":4}}},"11":{"name":"(anonymous_18)","decl":{"start":{"line":249,"column":36},"end":{"line":249,"column":null}},"loc":{"start":{"line":249,"column":36},"end":{"line":275,"column":3}}},"12":{"name":"(anonymous_19)","decl":{"start":{"line":277,"column":29},"end":{"line":277,"column":null}},"loc":{"start":{"line":279,"column":43},"end":{"line":346,"column":4}}},"13":{"name":"(anonymous_20)","decl":{"start":{"line":279,"column":43},"end":{"line":279,"column":null}},"loc":{"start":{"line":279,"column":43},"end":{"line":346,"column":3}}}},"branchMap":{"0":{"loc":{"start":{"line":37,"column":2},"end":{"line":37,"column":54}},"type":"if","locations":[{"start":{"line":37,"column":2},"end":{"line":37,"column":54}}]},"1":{"loc":{"start":{"line":38,"column":2},"end":{"line":38,"column":58}},"type":"if","locations":[{"start":{"line":38,"column":2},"end":{"line":38,"column":58}}]},"2":{"loc":{"start":{"line":57,"column":4},"end":{"line":59,"column":5}},"type":"if","locations":[{"start":{"line":57,"column":4},"end":{"line":59,"column":5}}]},"3":{"loc":{"start":{"line":104,"column":4},"end":{"line":106,"column":5}},"type":"if","locations":[{"start":{"line":104,"column":4},"end":{"line":106,"column":5}}]},"4":{"loc":{"start":{"line":110,"column":4},"end":{"line":163,"column":5}},"type":"if","locations":[{"start":{"line":110,"column":4},"end":{"line":163,"column":5}}]},"5":{"loc":{"start":{"line":175,"column":4},"end":{"line":177,"column":5}},"type":"if","locations":[{"start":{"line":175,"column":4},"end":{"line":177,"column":5}}]},"6":{"loc":{"start":{"line":212,"column":4},"end":{"line":214,"column":5}},"type":"if","locations":[{"start":{"line":212,"column":4},"end":{"line":214,"column":5}}]},"7":{"loc":{"start":{"line":218,"column":4},"end":{"line":220,"column":5}},"type":"if","locations":[{"start":{"line":218,"column":4},"end":{"line":220,"column":5}}]},"8":{"loc":{"start":{"line":222,"column":4},"end":{"line":224,"column":5}},"type":"if","locations":[{"start":{"line":222,"column":4},"end":{"line":224,"column":5}}]},"9":{"loc":{"start":{"line":254,"column":4},"end":{"line":256,"column":5}},"type":"if","locations":[{"start":{"line":254,"column":4},"end":{"line":256,"column":5}}]},"10":{"loc":{"start":{"line":260,"column":4},"end":{"line":262,"column":5}},"type":"if","locations":[{"start":{"line":260,"column":4},"end":{"line":262,"column":5}}]},"11":{"loc":{"start":{"line":264,"column":4},"end":{"line":268,"column":5}},"type":"if","locations":[{"start":{"line":264,"column":4},"end":{"line":268,"column":5}}]},"12":{"loc":{"start":{"line":265,"column":6},"end":{"line":267,"column":7}},"type":"if","locations":[{"start":{"line":265,"column":6},"end":{"line":267,"column":7}}]},"13":{"loc":{"start":{"line":284,"column":4},"end":{"line":286,"column":5}},"type":"if","locations":[{"start":{"line":284,"column":4},"end":{"line":286,"column":5}}]},"14":{"loc":{"start":{"line":290,"column":4},"end":{"line":292,"column":5}},"type":"if","locations":[{"start":{"line":290,"column":4},"end":{"line":292,"column":5}}]},"15":{"loc":{"start":{"line":305,"column":23},"end":{"line":305,"column":35}},"type":"cond-expr","locations":[{"start":{"line":305,"column":30},"end":{"line":305,"column":31}},{"start":{"line":305,"column":34},"end":{"line":305,"column":35}}]},"16":{"loc":{"start":{"line":317,"column":4},"end":{"line":338,"column":5}},"type":"if","locations":[{"start":{"line":317,"column":4},"end":{"line":338,"column":5}},{"start":{"line":326,"column":11},"end":{"line":338,"column":5}}]},"17":{"loc":{"start":{"line":318,"column":6},"end":{"line":325,"column":7}},"type":"if","locations":[{"start":{"line":318,"column":6},"end":{"line":325,"column":7}},{"start":{"line":321,"column":13},"end":{"line":325,"column":7}}]},"18":{"loc":{"start":{"line":326,"column":11},"end":{"line":338,"column":5}},"type":"if","locations":[{"start":{"line":326,"column":11},"end":{"line":338,"column":5}},{"start":{"line":335,"column":11},"end":{"line":338,"column":5}}]},"19":{"loc":{"start":{"line":327,"column":6},"end":{"line":334,"column":7}},"type":"if","locations":[{"start":{"line":327,"column":6},"end":{"line":334,"column":7}},{"start":{"line":330,"column":13},"end":{"line":334,"column":7}}]},"20":{"loc":{"start":{"line":337,"column":6},"end":{"line":337,"column":47}},"type":"cond-expr","locations":[{"start":{"line":337,"column":13},"end":{"line":337,"column":27}},{"start":{"line":337,"column":30},"end":{"line":337,"column":47}}]}},"s":{"0":4,"1":4,"2":4,"3":4,"4":4,"5":0,"6":0,"7":0,"8":0,"9":0,"10":4,"11":4,"12":4,"13":4,"14":2,"15":2,"16":2,"17":2,"18":2,"19":0,"20":0,"21":0,"22":0,"23":0,"24":0,"25":0,"26":0,"27":0,"28":4,"29":2,"30":2,"31":2,"32":2,"33":2,"34":0,"35":0,"36":0,"37":0,"38":0,"39":0,"40":0,"41":0,"42":0,"43":0,"44":0,"45":0,"46":0,"47":0,"48":4,"49":2,"50":2,"51":2,"52":2,"53":2,"54":0,"55":0,"56":0,"57":0,"58":0,"59":4,"60":0,"61":0,"62":0,"63":0,"64":0,"65":0,"66":0,"67":0,"68":0,"69":0,"70":0,"71":0,"72":0,"73":0,"74":0,"75":0,"76":4,"77":0,"78":0,"79":0,"80":0,"81":0,"82":0,"83":0,"84":0,"85":0,"86":0,"87":0,"88":0,"89":0,"90":0,"91":4,"92":3,"93":3,"94":3,"95":3,"96":3,"97":0,"98":0,"99":0,"100":0,"101":0,"102":0,"103":0,"104":0,"105":0,"106":0,"107":0,"108":0,"109":0,"110":0,"111":0,"112":0,"113":0,"114":0,"115":0,"116":0,"117":0,"118":0,"119":0,"120":0,"121":0,"122":0,"123":0,"124":4},"f":{"0":0,"1":4,"2":2,"3":2,"4":2,"5":2,"6":2,"7":2,"8":0,"9":0,"10":0,"11":0,"12":3,"13":3},"b":{"0":[0],"1":[0],"2":[2],"3":[2],"4":[0],"5":[2],"6":[0],"7":[0],"8":[0],"9":[0],"10":[0],"11":[0],"12":[0],"13":[3],"14":[0],"15":[0,0],"16":[0,0],"17":[0,0],"18":[0,0],"19":[0,0],"20":[0,0]}}
,"C:\\Users\\j0rda\\OneDrive\\Área de Trabalho\\labenu\\modulo-iv\\projeto-labeddit\\labeddit-backend\\labeddit-backend\\src\\business\\UserBusiness.ts": {"path":"C:\\Users\\j0rda\\OneDrive\\Área de Trabalho\\labenu\\modulo-iv\\projeto-labeddit\\labeddit-backend\\labeddit-backend\\src\\business\\UserBusiness.ts","statementMap":{"0":{"start":{"line":2,"column":0},"end":{"line":2,"column":50}},"1":{"start":{"line":3,"column":0},"end":{"line":3,"column":60}},"2":{"start":{"line":4,"column":0},"end":{"line":4,"column":56}},"3":{"start":{"line":20,"column":12},"end":{"line":20,"column":38}},"4":{"start":{"line":21,"column":12},"end":{"line":21,"column":36}},"5":{"start":{"line":22,"column":12},"end":{"line":22,"column":38}},"6":{"start":{"line":23,"column":12},"end":{"line":23,"column":36}},"7":{"start":{"line":26,"column":9},"end":{"line":55,"column":4}},"8":{"start":{"line":28,"column":34},"end":{"line":55,"column":4}},"9":{"start":{"line":29,"column":36},"end":{"line":29,"column":41}},"10":{"start":{"line":31,"column":20},"end":{"line":31,"column":55}},"11":{"start":{"line":33,"column":4},"end":{"line":35,"column":5}},"12":{"start":{"line":34,"column":6},"end":{"line":34,"column":50}},"13":{"start":{"line":37,"column":20},"end":{"line":37,"column":67}},"14":{"start":{"line":39,"column":18},"end":{"line":50,"column":6}},"15":{"start":{"line":40,"column":19},"end":{"line":46,"column":null}},"16":{"start":{"line":49,"column":6},"end":{"line":49,"column":36}},"17":{"start":{"line":52,"column":40},"end":{"line":52,"column":45}},"18":{"start":{"line":54,"column":4},"end":{"line":54,"column":20}},"19":{"start":{"line":57,"column":9},"end":{"line":98,"column":4}},"20":{"start":{"line":59,"column":36},"end":{"line":98,"column":4}},"21":{"start":{"line":60,"column":38},"end":{"line":60,"column":43}},"22":{"start":{"line":62,"column":15},"end":{"line":62,"column":42}},"23":{"start":{"line":64,"column":25},"end":{"line":64,"column":65}},"24":{"start":{"line":66,"column":4},"end":{"line":68,"column":5}},"25":{"start":{"line":67,"column":6},"end":{"line":67,"column":53}},"26":{"start":{"line":70,"column":27},"end":{"line":70,"column":64}},"27":{"start":{"line":72,"column":20},"end":{"line":78,"column":null}},"28":{"start":{"line":81,"column":22},"end":{"line":81,"column":41}},"29":{"start":{"line":82,"column":4},"end":{"line":82,"column":50}},"30":{"start":{"line":84,"column":34},"end":{"line":88,"column":6}},"31":{"start":{"line":90,"column":18},"end":{"line":90,"column":56}},"32":{"start":{"line":92,"column":42},"end":{"line":95,"column":6}},"33":{"start":{"line":97,"column":4},"end":{"line":97,"column":20}},"34":{"start":{"line":100,"column":9},"end":{"line":150,"column":4}},"35":{"start":{"line":102,"column":35},"end":{"line":150,"column":4}},"36":{"start":{"line":103,"column":32},"end":{"line":103,"column":37}},"37":{"start":{"line":105,"column":19},"end":{"line":105,"column":65}},"38":{"start":{"line":107,"column":4},"end":{"line":109,"column":5}},"39":{"start":{"line":108,"column":6},"end":{"line":108,"column":56}},"40":{"start":{"line":111,"column":27},"end":{"line":111,"column":42}},"41":{"start":{"line":114,"column":30},"end":{"line":116,"column":null}},"42":{"start":{"line":120,"column":4},"end":{"line":122,"column":5}},"43":{"start":{"line":121,"column":6},"end":{"line":121,"column":68}},"44":{"start":{"line":124,"column":17},"end":{"line":130,"column":null}},"45":{"start":{"line":133,"column":34},"end":{"line":137,"column":6}},"46":{"start":{"line":139,"column":18},"end":{"line":139,"column":56}},"47":{"start":{"line":141,"column":41},"end":{"line":147,"column":6}},"48":{"start":{"line":149,"column":4},"end":{"line":149,"column":20}},"49":{"start":{"line":18,"column":0},"end":{"line":18,"column":13}}},"fnMap":{"0":{"name":"(anonymous_7)","decl":{"start":{"line":19,"column":2},"end":{"line":19,"column":null}},"loc":{"start":{"line":23,"column":36},"end":{"line":24,"column":6}}},"1":{"name":"(anonymous_8)","decl":{"start":{"line":26,"column":20},"end":{"line":26,"column":null}},"loc":{"start":{"line":28,"column":34},"end":{"line":55,"column":4}}},"2":{"name":"(anonymous_9)","decl":{"start":{"line":28,"column":34},"end":{"line":28,"column":null}},"loc":{"start":{"line":28,"column":34},"end":{"line":55,"column":3}}},"3":{"name":"(anonymous_10)","decl":{"start":{"line":39,"column":30},"end":{"line":39,"column":31}},"loc":{"start":{"line":39,"column":41},"end":{"line":50,"column":5}}},"4":{"name":"(anonymous_11)","decl":{"start":{"line":57,"column":18},"end":{"line":57,"column":null}},"loc":{"start":{"line":59,"column":36},"end":{"line":98,"column":4}}},"5":{"name":"(anonymous_12)","decl":{"start":{"line":59,"column":36},"end":{"line":59,"column":null}},"loc":{"start":{"line":59,"column":36},"end":{"line":98,"column":3}}},"6":{"name":"(anonymous_13)","decl":{"start":{"line":100,"column":17},"end":{"line":100,"column":null}},"loc":{"start":{"line":102,"column":35},"end":{"line":150,"column":4}}},"7":{"name":"(anonymous_14)","decl":{"start":{"line":102,"column":35},"end":{"line":102,"column":null}},"loc":{"start":{"line":102,"column":35},"end":{"line":150,"column":3}}}},"branchMap":{"0":{"loc":{"start":{"line":33,"column":4},"end":{"line":35,"column":5}},"type":"if","locations":[{"start":{"line":33,"column":4},"end":{"line":35,"column":5}}]},"1":{"loc":{"start":{"line":66,"column":4},"end":{"line":68,"column":5}},"type":"if","locations":[{"start":{"line":66,"column":4},"end":{"line":68,"column":5}}]},"2":{"loc":{"start":{"line":107,"column":4},"end":{"line":109,"column":5}},"type":"if","locations":[{"start":{"line":107,"column":4},"end":{"line":109,"column":5}}]},"3":{"loc":{"start":{"line":120,"column":4},"end":{"line":122,"column":5}},"type":"if","locations":[{"start":{"line":120,"column":4},"end":{"line":122,"column":5}}]}},"s":{"0":3,"1":3,"2":3,"3":3,"4":3,"5":3,"6":3,"7":3,"8":1,"9":1,"10":1,"11":1,"12":0,"13":1,"14":1,"15":2,"16":2,"17":1,"18":1,"19":3,"20":0,"21":0,"22":0,"23":0,"24":0,"25":0,"26":0,"27":0,"28":0,"29":0,"30":0,"31":0,"32":0,"33":0,"34":3,"35":3,"36":3,"37":3,"38":3,"39":1,"40":2,"41":2,"42":2,"43":2,"44":0,"45":0,"46":0,"47":0,"48":0,"49":3},"f":{"0":3,"1":1,"2":1,"3":2,"4":0,"5":0,"6":3,"7":3},"b":{"0":[0],"1":[0],"2":[1],"3":[2]}}
,"C:\\Users\\j0rda\\OneDrive\\Área de Trabalho\\labenu\\modulo-iv\\projeto-labeddit\\labeddit-backend\\labeddit-backend\\src\\database\\BaseDatabase.ts": {"path":"C:\\Users\\j0rda\\OneDrive\\Área de Trabalho\\labenu\\modulo-iv\\projeto-labeddit\\labeddit-backend\\labeddit-backend\\src\\database\\BaseDatabase.ts","statementMap":{"0":{"start":{"line":1,"column":0},"end":{"line":1,"column":28}},"1":{"start":{"line":2,"column":0},"end":{"line":2,"column":28}},"2":{"start":{"line":4,"column":0},"end":{"line":4,"column":16}},"3":{"start":{"line":6,"column":0},"end":{"line":6,"column":22}},"4":{"start":{"line":7,"column":19},"end":{"line":20,"column":5}},"5":{"start":{"line":17,"column":8},"end":{"line":17,"column":49}}},"fnMap":{"0":{"name":"(anonymous_1)","decl":{"start":{"line":16,"column":19},"end":{"line":16,"column":20}},"loc":{"start":{"line":16,"column":42},"end":{"line":18,"column":7}}}},"branchMap":{},"s":{"0":10,"1":10,"2":10,"3":10,"4":10,"5":0},"f":{"0":0},"b":{}}
,"C:\\Users\\j0rda\\OneDrive\\Área de Trabalho\\labenu\\modulo-iv\\projeto-labeddit\\labeddit-backend\\labeddit-backend\\src\\dtos\\comments\\createComments.dto.ts": {"path":"C:\\Users\\j0rda\\OneDrive\\Área de Trabalho\\labenu\\modulo-iv\\projeto-labeddit\\labeddit-backend\\labeddit-backend\\src\\dtos\\comments\\createComments.dto.ts","statementMap":{"0":{"start":{"line":1,"column":0},"end":{"line":1,"column":20}},"1":{"start":{"line":10,"column":13},"end":{"line":16,"column":54}},"2":{"start":{"line":16,"column":23},"end":{"line":16,"column":52}}},"fnMap":{"0":{"name":"(anonymous_1)","decl":{"start":{"line":16,"column":13},"end":{"line":16,"column":14}},"loc":{"start":{"line":16,"column":23},"end":{"line":16,"column":52}}}},"branchMap":{},"s":{"0":1,"1":1,"2":1},"f":{"0":1},"b":{}}
,"C:\\Users\\j0rda\\OneDrive\\Área de Trabalho\\labenu\\modulo-iv\\projeto-labeddit\\labeddit-backend\\labeddit-backend\\src\\dtos\\comments\\getComments.dtos.ts": {"path":"C:\\Users\\j0rda\\OneDrive\\Área de Trabalho\\labenu\\modulo-iv\\projeto-labeddit\\labeddit-backend\\labeddit-backend\\src\\dtos\\comments\\getComments.dtos.ts","statementMap":{"0":{"start":{"line":1,"column":0},"end":{"line":1,"column":20}},"1":{"start":{"line":10,"column":13},"end":{"line":15,"column":52}},"2":{"start":{"line":15,"column":23},"end":{"line":15,"column":50}}},"fnMap":{"0":{"name":"(anonymous_1)","decl":{"start":{"line":15,"column":13},"end":{"line":15,"column":14}},"loc":{"start":{"line":15,"column":23},"end":{"line":15,"column":50}}}},"branchMap":{},"s":{"0":1,"1":1,"2":2},"f":{"0":2},"b":{}}
,"C:\\Users\\j0rda\\OneDrive\\Área de Trabalho\\labenu\\modulo-iv\\projeto-labeddit\\labeddit-backend\\labeddit-backend\\src\\dtos\\comments\\likeOrDislikeComments.dto.ts": {"path":"C:\\Users\\j0rda\\OneDrive\\Área de Trabalho\\labenu\\modulo-iv\\projeto-labeddit\\labeddit-backend\\labeddit-backend\\src\\dtos\\comments\\likeOrDislikeComments.dto.ts","statementMap":{"0":{"start":{"line":1,"column":0},"end":{"line":1,"column":20}},"1":{"start":{"line":10,"column":13},"end":{"line":16,"column":61}},"2":{"start":{"line":16,"column":23},"end":{"line":16,"column":59}}},"fnMap":{"0":{"name":"(anonymous_1)","decl":{"start":{"line":16,"column":13},"end":{"line":16,"column":14}},"loc":{"start":{"line":16,"column":23},"end":{"line":16,"column":59}}}},"branchMap":{},"s":{"0":1,"1":1,"2":2},"f":{"0":2},"b":{}}
,"C:\\Users\\j0rda\\OneDrive\\Área de Trabalho\\labenu\\modulo-iv\\projeto-labeddit\\labeddit-backend\\labeddit-backend\\src\\dtos\\posts\\createPost.dto.ts": {"path":"C:\\Users\\j0rda\\OneDrive\\Área de Trabalho\\labenu\\modulo-iv\\projeto-labeddit\\labeddit-backend\\labeddit-backend\\src\\dtos\\posts\\createPost.dto.ts","statementMap":{"0":{"start":{"line":1,"column":0},"end":{"line":1,"column":20}},"1":{"start":{"line":9,"column":13},"end":{"line":14,"column":51}},"2":{"start":{"line":14,"column":23},"end":{"line":14,"column":49}}},"fnMap":{"0":{"name":"(anonymous_1)","decl":{"start":{"line":14,"column":13},"end":{"line":14,"column":14}},"loc":{"start":{"line":14,"column":23},"end":{"line":14,"column":49}}}},"branchMap":{},"s":{"0":1,"1":1,"2":2},"f":{"0":2},"b":{}}
,"C:\\Users\\j0rda\\OneDrive\\Área de Trabalho\\labenu\\modulo-iv\\projeto-labeddit\\labeddit-backend\\labeddit-backend\\src\\dtos\\posts\\getPostById.dto.ts": {"path":"C:\\Users\\j0rda\\OneDrive\\Área de Trabalho\\labenu\\modulo-iv\\projeto-labeddit\\labeddit-backend\\labeddit-backend\\src\\dtos\\posts\\getPostById.dto.ts","statementMap":{"0":{"start":{"line":1,"column":0},"end":{"line":1,"column":20}},"1":{"start":{"line":10,"column":13},"end":{"line":15,"column":52}},"2":{"start":{"line":15,"column":23},"end":{"line":15,"column":50}}},"fnMap":{"0":{"name":"(anonymous_1)","decl":{"start":{"line":15,"column":13},"end":{"line":15,"column":14}},"loc":{"start":{"line":15,"column":23},"end":{"line":15,"column":50}}}},"branchMap":{},"s":{"0":1,"1":1,"2":2},"f":{"0":2},"b":{}}
,"C:\\Users\\j0rda\\OneDrive\\Área de Trabalho\\labenu\\modulo-iv\\projeto-labeddit\\labeddit-backend\\labeddit-backend\\src\\dtos\\posts\\getPosts.dto.ts": {"path":"C:\\Users\\j0rda\\OneDrive\\Área de Trabalho\\labenu\\modulo-iv\\projeto-labeddit\\labeddit-backend\\labeddit-backend\\src\\dtos\\posts\\getPosts.dto.ts","statementMap":{"0":{"start":{"line":1,"column":0},"end":{"line":1,"column":20}},"1":{"start":{"line":9,"column":13},"end":{"line":13,"column":49}},"2":{"start":{"line":13,"column":23},"end":{"line":13,"column":47}}},"fnMap":{"0":{"name":"(anonymous_1)","decl":{"start":{"line":13,"column":13},"end":{"line":13,"column":14}},"loc":{"start":{"line":13,"column":23},"end":{"line":13,"column":47}}}},"branchMap":{},"s":{"0":1,"1":1,"2":2},"f":{"0":2},"b":{}}
,"C:\\Users\\j0rda\\OneDrive\\Área de Trabalho\\labenu\\modulo-iv\\projeto-labeddit\\labeddit-backend\\labeddit-backend\\src\\dtos\\posts\\likeOrDislikePost.dto.ts": {"path":"C:\\Users\\j0rda\\OneDrive\\Área de Trabalho\\labenu\\modulo-iv\\projeto-labeddit\\labeddit-backend\\labeddit-backend\\src\\dtos\\posts\\likeOrDislikePost.dto.ts","statementMap":{"0":{"start":{"line":1,"column":0},"end":{"line":1,"column":20}},"1":{"start":{"line":10,"column":13},"end":{"line":16,"column":58}},"2":{"start":{"line":16,"column":23},"end":{"line":16,"column":56}}},"fnMap":{"0":{"name":"(anonymous_1)","decl":{"start":{"line":16,"column":13},"end":{"line":16,"column":14}},"loc":{"start":{"line":16,"column":23},"end":{"line":16,"column":56}}}},"branchMap":{},"s":{"0":1,"1":1,"2":3},"f":{"0":3},"b":{}}
,"C:\\Users\\j0rda\\OneDrive\\Área de Trabalho\\labenu\\modulo-iv\\projeto-labeddit\\labeddit-backend\\labeddit-backend\\src\\dtos\\users\\getUsers.dto.ts": {"path":"C:\\Users\\j0rda\\OneDrive\\Área de Trabalho\\labenu\\modulo-iv\\projeto-labeddit\\labeddit-backend\\labeddit-backend\\src\\dtos\\users\\getUsers.dto.ts","statementMap":{"0":{"start":{"line":1,"column":0},"end":{"line":1,"column":20}},"1":{"start":{"line":10,"column":13},"end":{"line":15,"column":49}},"2":{"start":{"line":15,"column":23},"end":{"line":15,"column":47}}},"fnMap":{"0":{"name":"(anonymous_1)","decl":{"start":{"line":15,"column":13},"end":{"line":15,"column":14}},"loc":{"start":{"line":15,"column":23},"end":{"line":15,"column":47}}}},"branchMap":{},"s":{"0":1,"1":1,"2":1},"f":{"0":1},"b":{}}
,"C:\\Users\\j0rda\\OneDrive\\Área de Trabalho\\labenu\\modulo-iv\\projeto-labeddit\\labeddit-backend\\labeddit-backend\\src\\dtos\\users\\login.dto.ts": {"path":"C:\\Users\\j0rda\\OneDrive\\Área de Trabalho\\labenu\\modulo-iv\\projeto-labeddit\\labeddit-backend\\labeddit-backend\\src\\dtos\\users\\login.dto.ts","statementMap":{"0":{"start":{"line":1,"column":0},"end":{"line":1,"column":20}},"1":{"start":{"line":15,"column":13},"end":{"line":32,"column":50}},"2":{"start":{"line":32,"column":23},"end":{"line":32,"column":48}}},"fnMap":{"0":{"name":"(anonymous_1)","decl":{"start":{"line":32,"column":13},"end":{"line":32,"column":14}},"loc":{"start":{"line":32,"column":23},"end":{"line":32,"column":48}}}},"branchMap":{},"s":{"0":1,"1":1,"2":3},"f":{"0":3},"b":{}}
,"C:\\Users\\j0rda\\OneDrive\\Área de Trabalho\\labenu\\modulo-iv\\projeto-labeddit\\labeddit-backend\\labeddit-backend\\src\\dtos\\users\\signup.dto.ts": {"path":"C:\\Users\\j0rda\\OneDrive\\Área de Trabalho\\labenu\\modulo-iv\\projeto-labeddit\\labeddit-backend\\labeddit-backend\\src\\dtos\\users\\signup.dto.ts","statementMap":{"0":{"start":{"line":1,"column":0},"end":{"line":1,"column":20}},"1":{"start":{"line":13,"column":13},"end":{"line":47,"column":51}},"2":{"start":{"line":47,"column":23},"end":{"line":47,"column":49}}},"fnMap":{"0":{"name":"(anonymous_1)","decl":{"start":{"line":47,"column":13},"end":{"line":47,"column":14}},"loc":{"start":{"line":47,"column":23},"end":{"line":47,"column":49}}}},"branchMap":{},"s":{"0":1,"1":1,"2":0},"f":{"0":0},"b":{}}
,"C:\\Users\\j0rda\\OneDrive\\Área de Trabalho\\labenu\\modulo-iv\\projeto-labeddit\\labeddit-backend\\labeddit-backend\\src\\errors\\BadRequestError.ts": {"path":"C:\\Users\\j0rda\\OneDrive\\Área de Trabalho\\labenu\\modulo-iv\\projeto-labeddit\\labeddit-backend\\labeddit-backend\\src\\errors\\BadRequestError.ts","statementMap":{"0":{"start":{"line":1,"column":0},"end":{"line":1,"column":40}},"1":{"start":{"line":5,"column":4},"end":{"line":5,"column":24}},"2":{"start":{"line":3,"column":0},"end":{"line":3,"column":13}}},"fnMap":{"0":{"name":"(anonymous_0)","decl":{"start":{"line":4,"column":2},"end":{"line":4,"column":14}},"loc":{"start":{"line":4,"column":53},"end":{"line":6,"column":3}}}},"branchMap":{"0":{"loc":{"start":{"line":4,"column":14},"end":{"line":4,"column":53}},"type":"default-arg","locations":[{"start":{"line":4,"column":32},"end":{"line":4,"column":53}}]}},"s":{"0":10,"1":15,"2":10},"f":{"0":15},"b":{"0":[0]}}
,"C:\\Users\\j0rda\\OneDrive\\Área de Trabalho\\labenu\\modulo-iv\\projeto-labeddit\\labeddit-backend\\labeddit-backend\\src\\errors\\BaseError.ts": {"path":"C:\\Users\\j0rda\\OneDrive\\Área de Trabalho\\labenu\\modulo-iv\\projeto-labeddit\\labeddit-backend\\labeddit-backend\\src\\errors\\BaseError.ts","statementMap":{"0":{"start":{"line":3,"column":6},"end":{"line":3,"column":21}},"1":{"start":{"line":2,"column":23},"end":{"line":2,"column":41}},"2":{"start":{"line":1,"column":0},"end":{"line":1,"column":22}}},"fnMap":{"0":{"name":"(anonymous_0)","decl":{"start":{"line":2,"column":4},"end":{"line":2,"column":23}},"loc":{"start":{"line":2,"column":58},"end":{"line":4,"column":5}}}},"branchMap":{},"s":{"0":17,"1":17,"2":10},"f":{"0":17},"b":{}}
,"C:\\Users\\j0rda\\OneDrive\\Área de Trabalho\\labenu\\modulo-iv\\projeto-labeddit\\labeddit-backend\\labeddit-backend\\src\\errors\\NotFoundError.ts": {"path":"C:\\Users\\j0rda\\OneDrive\\Área de Trabalho\\labenu\\modulo-iv\\projeto-labeddit\\labeddit-backend\\labeddit-backend\\src\\errors\\NotFoundError.ts","statementMap":{"0":{"start":{"line":1,"column":0},"end":{"line":1,"column":40}},"1":{"start":{"line":5,"column":4},"end":{"line":5,"column":24}},"2":{"start":{"line":3,"column":0},"end":{"line":3,"column":13}}},"fnMap":{"0":{"name":"(anonymous_0)","decl":{"start":{"line":4,"column":2},"end":{"line":4,"column":14}},"loc":{"start":{"line":4,"column":56},"end":{"line":6,"column":3}}}},"branchMap":{"0":{"loc":{"start":{"line":4,"column":14},"end":{"line":4,"column":56}},"type":"default-arg","locations":[{"start":{"line":4,"column":32},"end":{"line":4,"column":56}}]}},"s":{"0":10,"1":1,"2":10},"f":{"0":1},"b":{"0":[0]}}
,"C:\\Users\\j0rda\\OneDrive\\Área de Trabalho\\labenu\\modulo-iv\\projeto-labeddit\\labeddit-backend\\labeddit-backend\\src\\errors\\UnauthorizedError.ts": {"path":"C:\\Users\\j0rda\\OneDrive\\Área de Trabalho\\labenu\\modulo-iv\\projeto-labeddit\\labeddit-backend\\labeddit-backend\\src\\errors\\UnauthorizedError.ts","statementMap":{"0":{"start":{"line":1,"column":0},"end":{"line":1,"column":40}},"1":{"start":{"line":5,"column":4},"end":{"line":5,"column":24}},"2":{"start":{"line":3,"column":0},"end":{"line":3,"column":13}}},"fnMap":{"0":{"name":"(anonymous_0)","decl":{"start":{"line":4,"column":2},"end":{"line":4,"column":14}},"loc":{"start":{"line":4,"column":48},"end":{"line":6,"column":3}}}},"branchMap":{"0":{"loc":{"start":{"line":4,"column":14},"end":{"line":4,"column":48}},"type":"default-arg","locations":[{"start":{"line":4,"column":32},"end":{"line":4,"column":48}}]}},"s":{"0":3,"1":1,"2":3},"f":{"0":1},"b":{"0":[0]}}
,"C:\\Users\\j0rda\\OneDrive\\Área de Trabalho\\labenu\\modulo-iv\\projeto-labeddit\\labeddit-backend\\labeddit-backend\\src\\models\\Comments.ts": {"path":"C:\\Users\\j0rda\\OneDrive\\Área de Trabalho\\labenu\\modulo-iv\\projeto-labeddit\\labeddit-backend\\labeddit-backend\\src\\models\\Comments.ts","statementMap":{"0":{"start":{"line":42,"column":2},"end":{"line":42,"column":null}},"1":{"start":{"line":43,"column":4},"end":{"line":43,"column":null}},"2":{"start":{"line":44,"column":4},"end":{"line":44,"column":null}},"3":{"start":{"line":48,"column":14},"end":{"line":48,"column":24}},"4":{"start":{"line":49,"column":14},"end":{"line":49,"column":28}},"5":{"start":{"line":50,"column":14},"end":{"line":50,"column":29}},"6":{"start":{"line":51,"column":14},"end":{"line":51,"column":27}},"7":{"start":{"line":52,"column":14},"end":{"line":52,"column":30}},"8":{"start":{"line":53,"column":14},"end":{"line":53,"column":31}},"9":{"start":{"line":54,"column":14},"end":{"line":54,"column":31}},"10":{"start":{"line":55,"column":14},"end":{"line":55,"column":31}},"11":{"start":{"line":56,"column":14},"end":{"line":56,"column":34}},"12":{"start":{"line":99,"column":11},"end":{"line":101,"column":6}},"13":{"start":{"line":100,"column":6},"end":{"line":100,"column":19}},"14":{"start":{"line":103,"column":11},"end":{"line":105,"column":6}},"15":{"start":{"line":104,"column":6},"end":{"line":104,"column":19}},"16":{"start":{"line":107,"column":11},"end":{"line":109,"column":6}},"17":{"start":{"line":108,"column":6},"end":{"line":108,"column":22}},"18":{"start":{"line":111,"column":11},"end":{"line":113,"column":6}},"19":{"start":{"line":112,"column":6},"end":{"line":112,"column":22}},"20":{"start":{"line":60,"column":6},"end":{"line":60,"column":21}},"21":{"start":{"line":64,"column":6},"end":{"line":64,"column":22}},"22":{"start":{"line":68,"column":6},"end":{"line":68,"column":25}},"23":{"start":{"line":72,"column":6},"end":{"line":72,"column":26}},"24":{"start":{"line":76,"column":6},"end":{"line":76,"column":26}},"25":{"start":{"line":80,"column":6},"end":{"line":80,"column":27}},"26":{"start":{"line":84,"column":6},"end":{"line":84,"column":24}},"27":{"start":{"line":88,"column":6},"end":{"line":88,"column":25}},"28":{"start":{"line":92,"column":6},"end":{"line":92,"column":27}},"29":{"start":{"line":96,"column":6},"end":{"line":96,"column":28}},"30":{"start":{"line":116,"column":6},"end":{"line":116,"column":28}},"31":{"start":{"line":120,"column":6},"end":{"line":120,"column":29}},"32":{"start":{"line":124,"column":6},"end":{"line":124,"column":28}},"33":{"start":{"line":128,"column":6},"end":{"line":128,"column":29}},"34":{"start":{"line":132,"column":6},"end":{"line":132,"column":28}},"35":{"start":{"line":136,"column":6},"end":{"line":136,"column":29}},"36":{"start":{"line":140,"column":6},"end":{"line":140,"column":36}},"37":{"start":{"line":144,"column":6},"end":{"line":144,"column":31}},"38":{"start":{"line":148,"column":6},"end":{"line":157,"column":8}},"39":{"start":{"line":161,"column":6},"end":{"line":173,"column":8}},"40":{"start":{"line":46,"column":2},"end":{"line":46,"column":15}}},"fnMap":{"0":{"name":"(anonymous_0)","decl":{"start":{"line":42,"column":2},"end":{"line":42,"column":14}},"loc":{"start":{"line":42,"column":27},"end":{"line":45,"column":3}}},"1":{"name":"(anonymous_1)","decl":{"start":{"line":47,"column":4},"end":{"line":47,"column":null}},"loc":{"start":{"line":56,"column":34},"end":{"line":57,"column":8}}},"2":{"name":"(anonymous_2)","decl":{"start":{"line":99,"column":21},"end":{"line":99,"column":30}},"loc":{"start":{"line":99,"column":32},"end":{"line":101,"column":5}}},"3":{"name":"(anonymous_3)","decl":{"start":{"line":103,"column":24},"end":{"line":103,"column":33}},"loc":{"start":{"line":103,"column":35},"end":{"line":105,"column":5}}},"4":{"name":"(anonymous_4)","decl":{"start":{"line":107,"column":24},"end":{"line":107,"column":33}},"loc":{"start":{"line":107,"column":35},"end":{"line":109,"column":5}}},"5":{"name":"(anonymous_5)","decl":{"start":{"line":111,"column":27},"end":{"line":111,"column":36}},"loc":{"start":{"line":111,"column":38},"end":{"line":113,"column":5}}},"6":{"name":"(anonymous_6)","decl":{"start":{"line":59,"column":11},"end":{"line":59,"column":16}},"loc":{"start":{"line":59,"column":16},"end":{"line":61,"column":5}}},"7":{"name":"(anonymous_7)","decl":{"start":{"line":63,"column":11},"end":{"line":63,"column":16}},"loc":{"start":{"line":63,"column":30},"end":{"line":65,"column":5}}},"8":{"name":"(anonymous_8)","decl":{"start":{"line":67,"column":11},"end":{"line":67,"column":20}},"loc":{"start":{"line":67,"column":20},"end":{"line":69,"column":5}}},"9":{"name":"(anonymous_9)","decl":{"start":{"line":71,"column":11},"end":{"line":71,"column":20}},"loc":{"start":{"line":71,"column":34},"end":{"line":73,"column":5}}},"10":{"name":"(anonymous_10)","decl":{"start":{"line":75,"column":11},"end":{"line":75,"column":21}},"loc":{"start":{"line":75,"column":21},"end":{"line":77,"column":5}}},"11":{"name":"(anonymous_11)","decl":{"start":{"line":79,"column":11},"end":{"line":79,"column":21}},"loc":{"start":{"line":79,"column":35},"end":{"line":81,"column":5}}},"12":{"name":"(anonymous_12)","decl":{"start":{"line":83,"column":11},"end":{"line":83,"column":19}},"loc":{"start":{"line":83,"column":19},"end":{"line":85,"column":5}}},"13":{"name":"(anonymous_13)","decl":{"start":{"line":87,"column":11},"end":{"line":87,"column":19}},"loc":{"start":{"line":87,"column":33},"end":{"line":89,"column":5}}},"14":{"name":"(anonymous_14)","decl":{"start":{"line":91,"column":11},"end":{"line":91,"column":22}},"loc":{"start":{"line":91,"column":22},"end":{"line":93,"column":5}}},"15":{"name":"(anonymous_15)","decl":{"start":{"line":95,"column":11},"end":{"line":95,"column":22}},"loc":{"start":{"line":95,"column":36},"end":{"line":97,"column":5}}},"16":{"name":"(anonymous_16)","decl":{"start":{"line":115,"column":11},"end":{"line":115,"column":23}},"loc":{"start":{"line":115,"column":23},"end":{"line":117,"column":5}}},"17":{"name":"(anonymous_17)","decl":{"start":{"line":119,"column":11},"end":{"line":119,"column":23}},"loc":{"start":{"line":119,"column":37},"end":{"line":121,"column":5}}},"18":{"name":"(anonymous_18)","decl":{"start":{"line":123,"column":11},"end":{"line":123,"column":23}},"loc":{"start":{"line":123,"column":23},"end":{"line":125,"column":5}}},"19":{"name":"(anonymous_19)","decl":{"start":{"line":127,"column":11},"end":{"line":127,"column":23}},"loc":{"start":{"line":127,"column":37},"end":{"line":129,"column":5}}},"20":{"name":"(anonymous_20)","decl":{"start":{"line":131,"column":11},"end":{"line":131,"column":23}},"loc":{"start":{"line":131,"column":23},"end":{"line":133,"column":5}}},"21":{"name":"(anonymous_21)","decl":{"start":{"line":135,"column":11},"end":{"line":135,"column":23}},"loc":{"start":{"line":135,"column":37},"end":{"line":137,"column":5}}},"22":{"name":"(anonymous_22)","decl":{"start":{"line":139,"column":11},"end":{"line":139,"column":25}},"loc":{"start":{"line":139,"column":25},"end":{"line":141,"column":5}}},"23":{"name":"(anonymous_23)","decl":{"start":{"line":143,"column":11},"end":{"line":143,"column":25}},"loc":{"start":{"line":143,"column":39},"end":{"line":145,"column":5}}},"24":{"name":"(anonymous_24)","decl":{"start":{"line":147,"column":11},"end":{"line":147,"column":20}},"loc":{"start":{"line":147,"column":20},"end":{"line":158,"column":5}}},"25":{"name":"(anonymous_25)","decl":{"start":{"line":160,"column":11},"end":{"line":160,"column":26}},"loc":{"start":{"line":160,"column":26},"end":{"line":174,"column":5}}}},"branchMap":{"0":{"loc":{"start":{"line":42,"column":14},"end":{"line":42,"column":null}},"type":"binary-expr","locations":[{"start":{"line":42,"column":14},"end":{"line":42,"column":27}},{"start":{"line":42,"column":27},"end":{"line":42,"column":null}}]},"1":{"loc":{"start":{"line":140,"column":13},"end":{"line":140,"column":35}},"type":"binary-expr","locations":[{"start":{"line":140,"column":13},"end":{"line":140,"column":29}},{"start":{"line":140,"column":33},"end":{"line":140,"column":35}}]},"2":{"loc":{"start":{"line":171,"column":16},"end":{"line":171,"column":38}},"type":"binary-expr","locations":[{"start":{"line":171,"column":16},"end":{"line":171,"column":32}},{"start":{"line":171,"column":36},"end":{"line":171,"column":38}}]}},"s":{"0":7,"1":7,"2":7,"3":0,"4":0,"5":0,"6":0,"7":0,"8":0,"9":0,"10":0,"11":0,"12":0,"13":0,"14":0,"15":0,"16":0,"17":0,"18":0,"19":0,"20":0,"21":0,"22":0,"23":0,"24":0,"25":0,"26":0,"27":0,"28":0,"29":0,"30":0,"31":0,"32":0,"33":0,"34":0,"35":0,"36":0,"37":0,"38":0,"39":0,"40":7},"f":{"0":7,"1":0,"2":0,"3":0,"4":0,"5":0,"6":0,"7":0,"8":0,"9":0,"10":0,"11":0,"12":0,"13":0,"14":0,"15":0,"16":0,"17":0,"18":0,"19":0,"20":0,"21":0,"22":0,"23":0,"24":0,"25":0},"b":{"0":[7,7],"1":[0,0],"2":[0,0]}}
,"C:\\Users\\j0rda\\OneDrive\\Área de Trabalho\\labenu\\modulo-iv\\projeto-labeddit\\labeddit-backend\\labeddit-backend\\src\\models\\Posts.ts": {"path":"C:\\Users\\j0rda\\OneDrive\\Área de Trabalho\\labenu\\modulo-iv\\projeto-labeddit\\labeddit-backend\\labeddit-backend\\src\\models\\Posts.ts","statementMap":{"0":{"start":{"line":46,"column":2},"end":{"line":46,"column":null}},"1":{"start":{"line":47,"column":4},"end":{"line":47,"column":null}},"2":{"start":{"line":48,"column":4},"end":{"line":48,"column":null}},"3":{"start":{"line":52,"column":14},"end":{"line":52,"column":24}},"4":{"start":{"line":53,"column":14},"end":{"line":53,"column":29}},"5":{"start":{"line":54,"column":14},"end":{"line":54,"column":27}},"6":{"start":{"line":55,"column":14},"end":{"line":55,"column":30}},"7":{"start":{"line":56,"column":14},"end":{"line":56,"column":30}},"8":{"start":{"line":57,"column":14},"end":{"line":57,"column":31}},"9":{"start":{"line":58,"column":14},"end":{"line":58,"column":31}},"10":{"start":{"line":59,"column":14},"end":{"line":59,"column":31}},"11":{"start":{"line":60,"column":14},"end":{"line":60,"column":34}},"12":{"start":{"line":61,"column":14},"end":{"line":61,"column":37}},"13":{"start":{"line":62,"column":14},"end":{"line":62,"column":33}},"14":{"start":{"line":89,"column":11},"end":{"line":91,"column":6}},"15":{"start":{"line":90,"column":6},"end":{"line":90,"column":19}},"16":{"start":{"line":93,"column":11},"end":{"line":95,"column":6}},"17":{"start":{"line":94,"column":6},"end":{"line":94,"column":19}},"18":{"start":{"line":105,"column":11},"end":{"line":107,"column":6}},"19":{"start":{"line":106,"column":6},"end":{"line":106,"column":22}},"20":{"start":{"line":109,"column":11},"end":{"line":111,"column":6}},"21":{"start":{"line":110,"column":6},"end":{"line":110,"column":22}},"22":{"start":{"line":66,"column":6},"end":{"line":66,"column":21}},"23":{"start":{"line":70,"column":6},"end":{"line":70,"column":22}},"24":{"start":{"line":74,"column":6},"end":{"line":74,"column":26}},"25":{"start":{"line":78,"column":6},"end":{"line":78,"column":27}},"26":{"start":{"line":82,"column":6},"end":{"line":82,"column":24}},"27":{"start":{"line":86,"column":6},"end":{"line":86,"column":25}},"28":{"start":{"line":98,"column":6},"end":{"line":98,"column":27}},"29":{"start":{"line":102,"column":6},"end":{"line":102,"column":28}},"30":{"start":{"line":114,"column":6},"end":{"line":114,"column":28}},"31":{"start":{"line":118,"column":6},"end":{"line":118,"column":29}},"32":{"start":{"line":122,"column":6},"end":{"line":122,"column":28}},"33":{"start":{"line":126,"column":6},"end":{"line":126,"column":29}},"34":{"start":{"line":130,"column":6},"end":{"line":130,"column":28}},"35":{"start":{"line":134,"column":6},"end":{"line":134,"column":29}},"36":{"start":{"line":138,"column":6},"end":{"line":138,"column":27}},"37":{"start":{"line":142,"column":6},"end":{"line":142,"column":28}},"38":{"start":{"line":146,"column":6},"end":{"line":146,"column":36}},"39":{"start":{"line":150,"column":6},"end":{"line":150,"column":31}},"40":{"start":{"line":154,"column":6},"end":{"line":154,"column":33}},"41":{"start":{"line":158,"column":6},"end":{"line":158,"column":26}},"42":{"start":{"line":162,"column":6},"end":{"line":171,"column":8}},"43":{"start":{"line":175,"column":6},"end":{"line":189,"column":8}},"44":{"start":{"line":50,"column":2},"end":{"line":50,"column":15}}},"fnMap":{"0":{"name":"(anonymous_0)","decl":{"start":{"line":46,"column":2},"end":{"line":46,"column":14}},"loc":{"start":{"line":46,"column":23},"end":{"line":49,"column":3}}},"1":{"name":"(anonymous_1)","decl":{"start":{"line":51,"column":4},"end":{"line":51,"column":null}},"loc":{"start":{"line":62,"column":33},"end":{"line":63,"column":8}}},"2":{"name":"(anonymous_2)","decl":{"start":{"line":89,"column":21},"end":{"line":89,"column":30}},"loc":{"start":{"line":89,"column":32},"end":{"line":91,"column":5}}},"3":{"name":"(anonymous_3)","decl":{"start":{"line":93,"column":24},"end":{"line":93,"column":33}},"loc":{"start":{"line":93,"column":35},"end":{"line":95,"column":5}}},"4":{"name":"(anonymous_4)","decl":{"start":{"line":105,"column":24},"end":{"line":105,"column":33}},"loc":{"start":{"line":105,"column":35},"end":{"line":107,"column":5}}},"5":{"name":"(anonymous_5)","decl":{"start":{"line":109,"column":27},"end":{"line":109,"column":36}},"loc":{"start":{"line":109,"column":38},"end":{"line":111,"column":5}}},"6":{"name":"(anonymous_6)","decl":{"start":{"line":65,"column":11},"end":{"line":65,"column":16}},"loc":{"start":{"line":65,"column":16},"end":{"line":67,"column":5}}},"7":{"name":"(anonymous_7)","decl":{"start":{"line":69,"column":11},"end":{"line":69,"column":16}},"loc":{"start":{"line":69,"column":30},"end":{"line":71,"column":5}}},"8":{"name":"(anonymous_8)","decl":{"start":{"line":73,"column":11},"end":{"line":73,"column":21}},"loc":{"start":{"line":73,"column":21},"end":{"line":75,"column":5}}},"9":{"name":"(anonymous_9)","decl":{"start":{"line":77,"column":11},"end":{"line":77,"column":21}},"loc":{"start":{"line":77,"column":35},"end":{"line":79,"column":5}}},"10":{"name":"(anonymous_10)","decl":{"start":{"line":81,"column":11},"end":{"line":81,"column":19}},"loc":{"start":{"line":81,"column":19},"end":{"line":83,"column":5}}},"11":{"name":"(anonymous_11)","decl":{"start":{"line":85,"column":11},"end":{"line":85,"column":19}},"loc":{"start":{"line":85,"column":33},"end":{"line":87,"column":5}}},"12":{"name":"(anonymous_12)","decl":{"start":{"line":97,"column":11},"end":{"line":97,"column":22}},"loc":{"start":{"line":97,"column":22},"end":{"line":99,"column":5}}},"13":{"name":"(anonymous_13)","decl":{"start":{"line":101,"column":11},"end":{"line":101,"column":22}},"loc":{"start":{"line":101,"column":36},"end":{"line":103,"column":5}}},"14":{"name":"(anonymous_14)","decl":{"start":{"line":113,"column":11},"end":{"line":113,"column":23}},"loc":{"start":{"line":113,"column":23},"end":{"line":115,"column":5}}},"15":{"name":"(anonymous_15)","decl":{"start":{"line":117,"column":11},"end":{"line":117,"column":23}},"loc":{"start":{"line":117,"column":37},"end":{"line":119,"column":5}}},"16":{"name":"(anonymous_16)","decl":{"start":{"line":121,"column":11},"end":{"line":121,"column":23}},"loc":{"start":{"line":121,"column":23},"end":{"line":123,"column":5}}},"17":{"name":"(anonymous_17)","decl":{"start":{"line":125,"column":11},"end":{"line":125,"column":23}},"loc":{"start":{"line":125,"column":37},"end":{"line":127,"column":5}}},"18":{"name":"(anonymous_18)","decl":{"start":{"line":129,"column":11},"end":{"line":129,"column":23}},"loc":{"start":{"line":129,"column":23},"end":{"line":131,"column":5}}},"19":{"name":"(anonymous_19)","decl":{"start":{"line":133,"column":11},"end":{"line":133,"column":23}},"loc":{"start":{"line":133,"column":37},"end":{"line":135,"column":5}}},"20":{"name":"(anonymous_20)","decl":{"start":{"line":137,"column":11},"end":{"line":137,"column":22}},"loc":{"start":{"line":137,"column":22},"end":{"line":139,"column":5}}},"21":{"name":"(anonymous_21)","decl":{"start":{"line":141,"column":11},"end":{"line":141,"column":22}},"loc":{"start":{"line":141,"column":36},"end":{"line":143,"column":5}}},"22":{"name":"(anonymous_22)","decl":{"start":{"line":145,"column":11},"end":{"line":145,"column":25}},"loc":{"start":{"line":145,"column":25},"end":{"line":147,"column":5}}},"23":{"name":"(anonymous_23)","decl":{"start":{"line":149,"column":11},"end":{"line":149,"column":25}},"loc":{"start":{"line":149,"column":39},"end":{"line":151,"column":5}}},"24":{"name":"(anonymous_24)","decl":{"start":{"line":153,"column":11},"end":{"line":153,"column":20}},"loc":{"start":{"line":153,"column":20},"end":{"line":155,"column":5}}},"25":{"name":"(anonymous_25)","decl":{"start":{"line":157,"column":11},"end":{"line":157,"column":20}},"loc":{"start":{"line":157,"column":42},"end":{"line":159,"column":5}}},"26":{"name":"(anonymous_26)","decl":{"start":{"line":161,"column":11},"end":{"line":161,"column":20}},"loc":{"start":{"line":161,"column":20},"end":{"line":172,"column":5}}},"27":{"name":"(anonymous_27)","decl":{"start":{"line":174,"column":11},"end":{"line":174,"column":26}},"loc":{"start":{"line":174,"column":26},"end":{"line":190,"column":5}}}},"branchMap":{"0":{"loc":{"start":{"line":46,"column":14},"end":{"line":46,"column":null}},"type":"binary-expr","locations":[{"start":{"line":46,"column":14},"end":{"line":46,"column":23}},{"start":{"line":46,"column":23},"end":{"line":46,"column":null}}]},"1":{"loc":{"start":{"line":146,"column":13},"end":{"line":146,"column":35}},"type":"binary-expr","locations":[{"start":{"line":146,"column":13},"end":{"line":146,"column":29}},{"start":{"line":146,"column":33},"end":{"line":146,"column":35}}]},"2":{"loc":{"start":{"line":154,"column":13},"end":{"line":154,"column":32}},"type":"binary-expr","locations":[{"start":{"line":154,"column":13},"end":{"line":154,"column":24}},{"start":{"line":154,"column":28},"end":{"line":154,"column":32}}]},"3":{"loc":{"start":{"line":187,"column":16},"end":{"line":187,"column":38}},"type":"binary-expr","locations":[{"start":{"line":187,"column":16},"end":{"line":187,"column":32}},{"start":{"line":187,"column":36},"end":{"line":187,"column":38}}]}},"s":{"0":7,"1":7,"2":7,"3":0,"4":0,"5":0,"6":0,"7":0,"8":0,"9":0,"10":0,"11":0,"12":0,"13":0,"14":0,"15":0,"16":0,"17":0,"18":0,"19":0,"20":0,"21":0,"22":0,"23":0,"24":0,"25":0,"26":0,"27":0,"28":0,"29":0,"30":0,"31":0,"32":0,"33":0,"34":0,"35":0,"36":0,"37":0,"38":0,"39":0,"40":0,"41":0,"42":0,"43":0,"44":7},"f":{"0":7,"1":0,"2":0,"3":0,"4":0,"5":0,"6":0,"7":0,"8":0,"9":0,"10":0,"11":0,"12":0,"13":0,"14":0,"15":0,"16":0,"17":0,"18":0,"19":0,"20":0,"21":0,"22":0,"23":0,"24":0,"25":0,"26":0,"27":0},"b":{"0":[7,7],"1":[0,0],"2":[0,0],"3":[0,0]}}
,"C:\\Users\\j0rda\\OneDrive\\Área de Trabalho\\labenu\\modulo-iv\\projeto-labeddit\\labeddit-backend\\labeddit-backend\\src\\models\\User.ts": {"path":"C:\\Users\\j0rda\\OneDrive\\Área de Trabalho\\labenu\\modulo-iv\\projeto-labeddit\\labeddit-backend\\labeddit-backend\\src\\models\\User.ts","statementMap":{"0":{"start":{"line":1,"column":0},"end":{"line":1,"column":null}},"1":{"start":{"line":2,"column":4},"end":{"line":2,"column":null}},"2":{"start":{"line":3,"column":4},"end":{"line":3,"column":null}},"3":{"start":{"line":27,"column":14},"end":{"line":27,"column":24}},"4":{"start":{"line":28,"column":14},"end":{"line":28,"column":26}},"5":{"start":{"line":29,"column":14},"end":{"line":29,"column":27}},"6":{"start":{"line":30,"column":14},"end":{"line":30,"column":30}},"7":{"start":{"line":31,"column":14},"end":{"line":31,"column":30}},"8":{"start":{"line":32,"column":14},"end":{"line":32,"column":31}},"9":{"start":{"line":36,"column":6},"end":{"line":36,"column":21}},"10":{"start":{"line":40,"column":6},"end":{"line":40,"column":22}},"11":{"start":{"line":44,"column":6},"end":{"line":44,"column":23}},"12":{"start":{"line":48,"column":6},"end":{"line":48,"column":24}},"13":{"start":{"line":52,"column":6},"end":{"line":52,"column":24}},"14":{"start":{"line":56,"column":6},"end":{"line":56,"column":25}},"15":{"start":{"line":60,"column":6},"end":{"line":60,"column":27}},"16":{"start":{"line":64,"column":6},"end":{"line":64,"column":28}},"17":{"start":{"line":68,"column":6},"end":{"line":68,"column":23}},"18":{"start":{"line":72,"column":6},"end":{"line":72,"column":24}},"19":{"start":{"line":76,"column":6},"end":{"line":76,"column":28}},"20":{"start":{"line":80,"column":6},"end":{"line":80,"column":29}},"21":{"start":{"line":84,"column":6},"end":{"line":91,"column":8}},"22":{"start":{"line":95,"column":6},"end":{"line":101,"column":8}},"23":{"start":{"line":25,"column":2},"end":{"line":25,"column":15}}},"fnMap":{"0":{"name":"(anonymous_0)","decl":{"start":{"line":1,"column":0},"end":{"line":1,"column":12}},"loc":{"start":{"line":1,"column":22},"end":{"line":4,"column":3}}},"1":{"name":"(anonymous_1)","decl":{"start":{"line":26,"column":4},"end":{"line":26,"column":null}},"loc":{"start":{"line":32,"column":31},"end":{"line":33,"column":8}}},"2":{"name":"(anonymous_2)","decl":{"start":{"line":35,"column":11},"end":{"line":35,"column":16}},"loc":{"start":{"line":35,"column":16},"end":{"line":37,"column":5}}},"3":{"name":"(anonymous_3)","decl":{"start":{"line":39,"column":11},"end":{"line":39,"column":16}},"loc":{"start":{"line":39,"column":30},"end":{"line":41,"column":5}}},"4":{"name":"(anonymous_4)","decl":{"start":{"line":43,"column":11},"end":{"line":43,"column":18}},"loc":{"start":{"line":43,"column":18},"end":{"line":45,"column":5}}},"5":{"name":"(anonymous_5)","decl":{"start":{"line":47,"column":11},"end":{"line":47,"column":18}},"loc":{"start":{"line":47,"column":32},"end":{"line":49,"column":5}}},"6":{"name":"(anonymous_6)","decl":{"start":{"line":51,"column":11},"end":{"line":51,"column":19}},"loc":{"start":{"line":51,"column":19},"end":{"line":53,"column":5}}},"7":{"name":"(anonymous_7)","decl":{"start":{"line":55,"column":11},"end":{"line":55,"column":19}},"loc":{"start":{"line":55,"column":33},"end":{"line":57,"column":5}}},"8":{"name":"(anonymous_8)","decl":{"start":{"line":59,"column":11},"end":{"line":59,"column":22}},"loc":{"start":{"line":59,"column":22},"end":{"line":61,"column":5}}},"9":{"name":"(anonymous_9)","decl":{"start":{"line":63,"column":11},"end":{"line":63,"column":22}},"loc":{"start":{"line":63,"column":36},"end":{"line":65,"column":5}}},"10":{"name":"(anonymous_10)","decl":{"start":{"line":67,"column":11},"end":{"line":67,"column":18}},"loc":{"start":{"line":67,"column":18},"end":{"line":69,"column":5}}},"11":{"name":"(anonymous_11)","decl":{"start":{"line":71,"column":11},"end":{"line":71,"column":18}},"loc":{"start":{"line":71,"column":36},"end":{"line":73,"column":5}}},"12":{"name":"(anonymous_12)","decl":{"start":{"line":75,"column":11},"end":{"line":75,"column":23}},"loc":{"start":{"line":75,"column":23},"end":{"line":77,"column":5}}},"13":{"name":"(anonymous_13)","decl":{"start":{"line":79,"column":11},"end":{"line":79,"column":23}},"loc":{"start":{"line":79,"column":37},"end":{"line":81,"column":5}}},"14":{"name":"(anonymous_14)","decl":{"start":{"line":83,"column":11},"end":{"line":83,"column":20}},"loc":{"start":{"line":83,"column":20},"end":{"line":92,"column":5}}},"15":{"name":"(anonymous_15)","decl":{"start":{"line":94,"column":11},"end":{"line":94,"column":26}},"loc":{"start":{"line":94,"column":26},"end":{"line":102,"column":5}}}},"branchMap":{"0":{"loc":{"start":{"line":1,"column":12},"end":{"line":1,"column":null}},"type":"binary-expr","locations":[{"start":{"line":1,"column":12},"end":{"line":1,"column":22}},{"start":{"line":1,"column":22},"end":{"line":1,"column":null}}]}},"s":{"0":10,"1":10,"2":10,"3":2,"4":2,"5":2,"6":2,"7":2,"8":2,"9":0,"10":0,"11":0,"12":0,"13":0,"14":0,"15":0,"16":0,"17":0,"18":0,"19":0,"20":0,"21":0,"22":2,"23":10},"f":{"0":10,"1":2,"2":0,"3":0,"4":0,"5":0,"6":0,"7":0,"8":0,"9":0,"10":0,"11":0,"12":0,"13":0,"14":0,"15":2},"b":{"0":[10,10]}}
,"C:\\Users\\j0rda\\OneDrive\\Área de Trabalho\\labenu\\modulo-iv\\projeto-labeddit\\labeddit-backend\\labeddit-backend\\tests\\mocks\\CommentDatabaseMock.ts": {"path":"C:\\Users\\j0rda\\OneDrive\\Área de Trabalho\\labenu\\modulo-iv\\projeto-labeddit\\labeddit-backend\\labeddit-backend\\tests\\mocks\\CommentDatabaseMock.ts","statementMap":{"0":{"start":{"line":1,"column":0},"end":{"line":1,"column":63}},"1":{"start":{"line":28,"column":13},"end":{"line":39,"column":2}},"2":{"start":{"line":47,"column":62},"end":{"line":58,"column":2}},"3":{"start":{"line":66,"column":4},"end":{"line":66,"column":32}},"4":{"start":{"line":70,"column":24},"end":{"line":71,"column":null}},"5":{"start":{"line":71,"column":19},"end":{"line":71,"column":41}},"6":{"start":{"line":74,"column":4},"end":{"line":74,"column":18}},"7":{"start":{"line":78,"column":24},"end":{"line":79,"column":null}},"8":{"start":{"line":79,"column":19},"end":{"line":79,"column":41}},"9":{"start":{"line":82,"column":4},"end":{"line":82,"column":18}},"10":{"start":{"line":86,"column":4},"end":{"line":86,"column":25}},"11":{"start":{"line":93,"column":6},"end":{"line":96,"column":8}},"12":{"start":{"line":94,"column":8},"end":{"line":95,"column":43}},"13":{"start":{"line":98,"column":4},"end":{"line":102,"column":5}},"14":{"start":{"line":99,"column":6},"end":{"line":99,"column":63}},"15":{"start":{"line":101,"column":6},"end":{"line":101,"column":23}},"16":{"start":{"line":106,"column":18},"end":{"line":107,"column":null}},"17":{"start":{"line":107,"column":19},"end":{"line":107,"column":49}},"18":{"start":{"line":110,"column":4},"end":{"line":112,"column":5}},"19":{"start":{"line":111,"column":6},"end":{"line":111,"column":37}},"20":{"start":{"line":116,"column":18},"end":{"line":117,"column":null}},"21":{"start":{"line":117,"column":19},"end":{"line":117,"column":65}},"22":{"start":{"line":120,"column":4},"end":{"line":123,"column":5}},"23":{"start":{"line":121,"column":29},"end":{"line":121,"column":62}},"24":{"start":{"line":122,"column":6},"end":{"line":122,"column":53}},"25":{"start":{"line":129,"column":4},"end":{"line":129,"column":54}},"26":{"start":{"line":133,"column":18},"end":{"line":134,"column":null}},"27":{"start":{"line":134,"column":19},"end":{"line":134,"column":46}},"28":{"start":{"line":137,"column":4},"end":{"line":140,"column":5}},"29":{"start":{"line":138,"column":26},"end":{"line":138,"column":59}},"30":{"start":{"line":139,"column":6},"end":{"line":139,"column":50}},"31":{"start":{"line":60,"column":0},"end":{"line":60,"column":13}},"32":{"start":{"line":61,"column":16},"end":{"line":61,"column":38}},"33":{"start":{"line":62,"column":16},"end":{"line":62,"column":44}},"34":{"start":{"line":63,"column":16},"end":{"line":63,"column":71}}},"fnMap":{"0":{"name":"(anonymous_7)","decl":{"start":{"line":65,"column":15},"end":{"line":65,"column":28}},"loc":{"start":{"line":65,"column":47},"end":{"line":67,"column":null}}},"1":{"name":"(anonymous_9)","decl":{"start":{"line":69,"column":15},"end":{"line":69,"column":34}},"loc":{"start":{"line":69,"column":45},"end":{"line":75,"column":null}}},"2":{"name":"(anonymous_11)","decl":{"start":{"line":71,"column":6},"end":{"line":71,"column":7}},"loc":{"start":{"line":71,"column":19},"end":{"line":71,"column":41}}},"3":{"name":"(anonymous_12)","decl":{"start":{"line":77,"column":15},"end":{"line":77,"column":45}},"loc":{"start":{"line":77,"column":56},"end":{"line":83,"column":null}}},"4":{"name":"(anonymous_14)","decl":{"start":{"line":79,"column":6},"end":{"line":79,"column":7}},"loc":{"start":{"line":79,"column":19},"end":{"line":79,"column":41}}},"5":{"name":"(anonymous_15)","decl":{"start":{"line":85,"column":15},"end":{"line":85,"column":27}},"loc":{"start":{"line":85,"column":27},"end":{"line":87,"column":null}}},"6":{"name":"(anonymous_17)","decl":{"start":{"line":89,"column":15},"end":{"line":89,"column":30}},"loc":{"start":{"line":90,"column":32},"end":{"line":103,"column":null}}},"7":{"name":"(anonymous_19)","decl":{"start":{"line":93,"column":41},"end":{"line":93,"column":42}},"loc":{"start":{"line":93,"column":53},"end":{"line":96,"column":7}}},"8":{"name":"(anonymous_20)","decl":{"start":{"line":105,"column":15},"end":{"line":105,"column":32}},"loc":{"start":{"line":105,"column":61},"end":{"line":113,"column":null}}},"9":{"name":"(anonymous_22)","decl":{"start":{"line":107,"column":6},"end":{"line":107,"column":7}},"loc":{"start":{"line":107,"column":19},"end":{"line":107,"column":49}}},"10":{"name":"(anonymous_23)","decl":{"start":{"line":115,"column":15},"end":{"line":115,"column":32}},"loc":{"start":{"line":115,"column":61},"end":{"line":124,"column":null}}},"11":{"name":"(anonymous_25)","decl":{"start":{"line":117,"column":6},"end":{"line":117,"column":7}},"loc":{"start":{"line":117,"column":19},"end":{"line":117,"column":65}}},"12":{"name":"(anonymous_26)","decl":{"start":{"line":126,"column":15},"end":{"line":126,"column":32}},"loc":{"start":{"line":127,"column":43},"end":{"line":130,"column":null}}},"13":{"name":"(anonymous_28)","decl":{"start":{"line":132,"column":15},"end":{"line":132,"column":28}},"loc":{"start":{"line":132,"column":49},"end":{"line":141,"column":null}}},"14":{"name":"(anonymous_30)","decl":{"start":{"line":134,"column":6},"end":{"line":134,"column":7}},"loc":{"start":{"line":134,"column":19},"end":{"line":134,"column":46}}}},"branchMap":{"0":{"loc":{"start":{"line":94,"column":8},"end":{"line":95,"column":42}},"type":"binary-expr","locations":[{"start":{"line":94,"column":8},"end":{"line":94,"column":46}},{"start":{"line":95,"column":10},"end":{"line":95,"column":42}}]},"1":{"loc":{"start":{"line":98,"column":4},"end":{"line":102,"column":5}},"type":"if","locations":[{"start":{"line":98,"column":4},"end":{"line":102,"column":5}},{"start":{"line":100,"column":11},"end":{"line":102,"column":5}}]},"2":{"loc":{"start":{"line":99,"column":6},"end":{"line":99,"column":62}},"type":"cond-expr","locations":[{"start":{"line":99,"column":26},"end":{"line":99,"column":41}},{"start":{"line":99,"column":44},"end":{"line":99,"column":62}}]},"3":{"loc":{"start":{"line":110,"column":4},"end":{"line":112,"column":5}},"type":"if","locations":[{"start":{"line":110,"column":4},"end":{"line":112,"column":5}}]},"4":{"loc":{"start":{"line":117,"column":19},"end":{"line":117,"column":65}},"type":"binary-expr","locations":[{"start":{"line":117,"column":19},"end":{"line":117,"column":49}},{"start":{"line":117,"column":53},"end":{"line":117,"column":65}}]},"5":{"loc":{"start":{"line":120,"column":4},"end":{"line":123,"column":5}},"type":"if","locations":[{"start":{"line":120,"column":4},"end":{"line":123,"column":5}}]},"6":{"loc":{"start":{"line":137,"column":4},"end":{"line":140,"column":5}},"type":"if","locations":[{"start":{"line":137,"column":4},"end":{"line":140,"column":5}}]}},"s":{"0":7,"1":7,"2":7,"3":0,"4":0,"5":0,"6":0,"7":0,"8":0,"9":0,"10":0,"11":0,"12":0,"13":0,"14":0,"15":0,"16":0,"17":0,"18":0,"19":0,"20":0,"21":0,"22":0,"23":0,"24":0,"25":0,"26":0,"27":0,"28":0,"29":0,"30":0,"31":7,"32":7,"33":7,"34":7},"f":{"0":0,"1":0,"2":0,"3":0,"4":0,"5":0,"6":0,"7":0,"8":0,"9":0,"10":0,"11":0,"12":0,"13":0,"14":0},"b":{"0":[0,0],"1":[0,0],"2":[0,0],"3":[0],"4":[0,0],"5":[0],"6":[0]}}
,"C:\\Users\\j0rda\\OneDrive\\Área de Trabalho\\labenu\\modulo-iv\\projeto-labeddit\\labeddit-backend\\labeddit-backend\\tests\\mocks\\HashManagerMock.ts": {"path":"C:\\Users\\j0rda\\OneDrive\\Área de Trabalho\\labenu\\modulo-iv\\projeto-labeddit\\labeddit-backend\\labeddit-backend\\tests\\mocks\\HashManagerMock.ts","statementMap":{"0":{"start":{"line":2,"column":11},"end":{"line":6,"column":null}},"1":{"start":{"line":4,"column":25},"end":{"line":6,"column":null}},"2":{"start":{"line":5,"column":6},"end":{"line":5,"column":null}},"3":{"start":{"line":8,"column":11},"end":{"line":22,"column":null}},"4":{"start":{"line":11,"column":26},"end":{"line":22,"column":null}},"5":{"start":{"line":12,"column":6},"end":{"line":21,"column":7}},"6":{"start":{"line":14,"column":10},"end":{"line":14,"column":null}},"7":{"start":{"line":17,"column":10},"end":{"line":17,"column":null}},"8":{"start":{"line":20,"column":10},"end":{"line":20,"column":null}},"9":{"start":{"line":1,"column":0},"end":{"line":1,"column":13}}},"fnMap":{"0":{"name":"(anonymous_7)","decl":{"start":{"line":1,"column":0},"end":{"line":1,"column":13}},"loc":{"start":{"line":1,"column":0},"end":{"line":23,"column":1}}},"1":{"name":"(anonymous_8)","decl":{"start":{"line":2,"column":18},"end":{"line":2,"column":null}},"loc":{"start":{"line":4,"column":25},"end":{"line":6,"column":null}}},"2":{"name":"(anonymous_9)","decl":{"start":{"line":4,"column":25},"end":{"line":4,"column":null}},"loc":{"start":{"line":4,"column":25},"end":{"line":6,"column":5}}},"3":{"name":"(anonymous_10)","decl":{"start":{"line":8,"column":21},"end":{"line":8,"column":null}},"loc":{"start":{"line":11,"column":26},"end":{"line":22,"column":null}}},"4":{"name":"(anonymous_11)","decl":{"start":{"line":11,"column":26},"end":{"line":11,"column":null}},"loc":{"start":{"line":11,"column":26},"end":{"line":22,"column":5}}}},"branchMap":{"0":{"loc":{"start":{"line":12,"column":6},"end":{"line":21,"column":7}},"type":"switch","locations":[{"start":{"line":13,"column":8},"end":{"line":14,"column":null}},{"start":{"line":16,"column":8},"end":{"line":17,"column":null}},{"start":{"line":19,"column":8},"end":{"line":20,"column":null}}]}},"s":{"0":3,"1":0,"2":0,"3":3,"4":2,"5":2,"6":0,"7":0,"8":2,"9":3},"f":{"0":3,"1":0,"2":0,"3":2,"4":2},"b":{"0":[0,0,2]}}
,"C:\\Users\\j0rda\\OneDrive\\Área de Trabalho\\labenu\\modulo-iv\\projeto-labeddit\\labeddit-backend\\labeddit-backend\\tests\\mocks\\IdGeneratorMock.ts": {"path":"C:\\Users\\j0rda\\OneDrive\\Área de Trabalho\\labenu\\modulo-iv\\projeto-labeddit\\labeddit-backend\\labeddit-backend\\tests\\mocks\\IdGeneratorMock.ts","statementMap":{"0":{"start":{"line":2,"column":11},"end":{"line":4,"column":null}},"1":{"start":{"line":3,"column":8},"end":{"line":3,"column":null}},"2":{"start":{"line":1,"column":0},"end":{"line":1,"column":13}}},"fnMap":{"0":{"name":"(anonymous_0)","decl":{"start":{"line":1,"column":0},"end":{"line":1,"column":13}},"loc":{"start":{"line":1,"column":0},"end":{"line":5,"column":1}}},"1":{"name":"(anonymous_1)","decl":{"start":{"line":2,"column":22},"end":{"line":2,"column":33}},"loc":{"start":{"line":2,"column":35},"end":{"line":4,"column":5}}}},"branchMap":{},"s":{"0":10,"1":0,"2":10},"f":{"0":10,"1":0},"b":{}}
,"C:\\Users\\j0rda\\OneDrive\\Área de Trabalho\\labenu\\modulo-iv\\projeto-labeddit\\labeddit-backend\\labeddit-backend\\tests\\mocks\\PostDatabaseMock.ts": {"path":"C:\\Users\\j0rda\\OneDrive\\Área de Trabalho\\labenu\\modulo-iv\\projeto-labeddit\\labeddit-backend\\labeddit-backend\\tests\\mocks\\PostDatabaseMock.ts","statementMap":{"0":{"start":{"line":1,"column":0},"end":{"line":1,"column":63}},"1":{"start":{"line":2,"column":0},"end":{"line":2,"column":78}},"2":{"start":{"line":3,"column":0},"end":{"line":3,"column":66}},"3":{"start":{"line":4,"column":0},"end":{"line":4,"column":80}},"4":{"start":{"line":23,"column":13},"end":{"line":34,"column":2}},"5":{"start":{"line":36,"column":56},"end":{"line":47,"column":2}},"6":{"start":{"line":49,"column":62},"end":{"line":60,"column":2}},"7":{"start":{"line":117,"column":9},"end":{"line":134,"column":4}},"8":{"start":{"line":119,"column":38},"end":{"line":134,"column":4}},"9":{"start":{"line":121,"column":6},"end":{"line":124,"column":null}},"10":{"start":{"line":123,"column":10},"end":{"line":124,"column":48}},"11":{"start":{"line":127,"column":4},"end":{"line":133,"column":5}},"12":{"start":{"line":128,"column":6},"end":{"line":128,"column":23}},"13":{"start":{"line":129,"column":11},"end":{"line":133,"column":5}},"14":{"start":{"line":130,"column":6},"end":{"line":130,"column":37}},"15":{"start":{"line":132,"column":6},"end":{"line":132,"column":40}},"16":{"start":{"line":136,"column":9},"end":{"line":153,"column":4}},"17":{"start":{"line":138,"column":42},"end":{"line":153,"column":4}},"18":{"start":{"line":140,"column":6},"end":{"line":143,"column":null}},"19":{"start":{"line":142,"column":10},"end":{"line":143,"column":51}},"20":{"start":{"line":146,"column":4},"end":{"line":152,"column":5}},"21":{"start":{"line":147,"column":6},"end":{"line":147,"column":23}},"22":{"start":{"line":148,"column":11},"end":{"line":152,"column":5}},"23":{"start":{"line":149,"column":6},"end":{"line":149,"column":41}},"24":{"start":{"line":151,"column":6},"end":{"line":151,"column":44}},"25":{"start":{"line":69,"column":4},"end":{"line":69,"column":22}},"26":{"start":{"line":73,"column":29},"end":{"line":73,"column":72}},"27":{"start":{"line":73,"column":57},"end":{"line":73,"column":71}},"28":{"start":{"line":75,"column":4},"end":{"line":75,"column":21}},"29":{"start":{"line":79,"column":24},"end":{"line":80,"column":null}},"30":{"start":{"line":80,"column":19},"end":{"line":80,"column":41}},"31":{"start":{"line":83,"column":4},"end":{"line":83,"column":18}},"32":{"start":{"line":87,"column":4},"end":{"line":87,"column":26}},"33":{"start":{"line":91,"column":18},"end":{"line":91,"column":68}},"34":{"start":{"line":91,"column":49},"end":{"line":91,"column":67}},"35":{"start":{"line":93,"column":4},"end":{"line":97,"column":5}},"36":{"start":{"line":94,"column":6},"end":{"line":94,"column":38}},"37":{"start":{"line":95,"column":26},"end":{"line":95,"column":56}},"38":{"start":{"line":96,"column":6},"end":{"line":96,"column":47}},"39":{"start":{"line":101,"column":18},"end":{"line":101,"column":71}},"40":{"start":{"line":101,"column":49},"end":{"line":101,"column":70}},"41":{"start":{"line":103,"column":4},"end":{"line":106,"column":5}},"42":{"start":{"line":104,"column":26},"end":{"line":104,"column":56}},"43":{"start":{"line":105,"column":6},"end":{"line":105,"column":47}},"44":{"start":{"line":110,"column":18},"end":{"line":110,"column":64}},"45":{"start":{"line":110,"column":49},"end":{"line":110,"column":63}},"46":{"start":{"line":112,"column":4},"end":{"line":114,"column":5}},"47":{"start":{"line":113,"column":6},"end":{"line":113,"column":34}},"48":{"start":{"line":156,"column":18},"end":{"line":156,"column":74}},"49":{"start":{"line":156,"column":49},"end":{"line":156,"column":73}},"50":{"start":{"line":158,"column":4},"end":{"line":160,"column":5}},"51":{"start":{"line":159,"column":6},"end":{"line":159,"column":34}},"52":{"start":{"line":164,"column":18},"end":{"line":165,"column":null}},"53":{"start":{"line":165,"column":16},"end":{"line":165,"column":56}},"54":{"start":{"line":168,"column":4},"end":{"line":171,"column":5}},"55":{"start":{"line":169,"column":26},"end":{"line":169,"column":56}},"56":{"start":{"line":170,"column":6},"end":{"line":170,"column":47}},"57":{"start":{"line":175,"column":4},"end":{"line":175,"column":49}},"58":{"start":{"line":62,"column":0},"end":{"line":62,"column":13}},"59":{"start":{"line":63,"column":16},"end":{"line":63,"column":29}},"60":{"start":{"line":64,"column":16},"end":{"line":64,"column":39}},"61":{"start":{"line":65,"column":16},"end":{"line":65,"column":33}},"62":{"start":{"line":66,"column":16},"end":{"line":66,"column":30}}},"fnMap":{"0":{"name":"(anonymous_7)","decl":{"start":{"line":62,"column":0},"end":{"line":62,"column":13}},"loc":{"start":{"line":62,"column":0},"end":{"line":177,"column":1}}},"1":{"name":"(anonymous_8)","decl":{"start":{"line":117,"column":27},"end":{"line":117,"column":null}},"loc":{"start":{"line":119,"column":38},"end":{"line":134,"column":4}}},"2":{"name":"(anonymous_9)","decl":{"start":{"line":119,"column":38},"end":{"line":119,"column":null}},"loc":{"start":{"line":119,"column":38},"end":{"line":134,"column":3}}},"3":{"name":"(anonymous_10)","decl":{"start":{"line":122,"column":8},"end":{"line":122,"column":9}},"loc":{"start":{"line":123,"column":10},"end":{"line":124,"column":48}}},"4":{"name":"(anonymous_11)","decl":{"start":{"line":136,"column":34},"end":{"line":136,"column":null}},"loc":{"start":{"line":138,"column":42},"end":{"line":153,"column":4}}},"5":{"name":"(anonymous_12)","decl":{"start":{"line":138,"column":42},"end":{"line":138,"column":null}},"loc":{"start":{"line":138,"column":42},"end":{"line":153,"column":3}}},"6":{"name":"(anonymous_13)","decl":{"start":{"line":141,"column":8},"end":{"line":141,"column":9}},"loc":{"start":{"line":142,"column":10},"end":{"line":143,"column":51}}},"7":{"name":"(anonymous_14)","decl":{"start":{"line":68,"column":15},"end":{"line":68,"column":24}},"loc":{"start":{"line":68,"column":24},"end":{"line":70,"column":null}}},"8":{"name":"(anonymous_16)","decl":{"start":{"line":72,"column":15},"end":{"line":72,"column":27}},"loc":{"start":{"line":72,"column":38},"end":{"line":76,"column":null}}},"9":{"name":"(anonymous_18)","decl":{"start":{"line":73,"column":47},"end":{"line":73,"column":48}},"loc":{"start":{"line":73,"column":57},"end":{"line":73,"column":71}}},"10":{"name":"(anonymous_19)","decl":{"start":{"line":78,"column":15},"end":{"line":78,"column":34}},"loc":{"start":{"line":78,"column":45},"end":{"line":84,"column":null}}},"11":{"name":"(anonymous_21)","decl":{"start":{"line":80,"column":6},"end":{"line":80,"column":7}},"loc":{"start":{"line":80,"column":19},"end":{"line":80,"column":41}}},"12":{"name":"(anonymous_22)","decl":{"start":{"line":86,"column":15},"end":{"line":86,"column":25}},"loc":{"start":{"line":86,"column":38},"end":{"line":88,"column":null}}},"13":{"name":"(anonymous_24)","decl":{"start":{"line":90,"column":15},"end":{"line":90,"column":34}},"loc":{"start":{"line":90,"column":49},"end":{"line":98,"column":null}}},"14":{"name":"(anonymous_26)","decl":{"start":{"line":91,"column":39},"end":{"line":91,"column":40}},"loc":{"start":{"line":91,"column":49},"end":{"line":91,"column":67}}},"15":{"name":"(anonymous_27)","decl":{"start":{"line":100,"column":15},"end":{"line":100,"column":25}},"loc":{"start":{"line":100,"column":40},"end":{"line":107,"column":null}}},"16":{"name":"(anonymous_29)","decl":{"start":{"line":101,"column":39},"end":{"line":101,"column":40}},"loc":{"start":{"line":101,"column":49},"end":{"line":101,"column":70}}},"17":{"name":"(anonymous_30)","decl":{"start":{"line":109,"column":15},"end":{"line":109,"column":25}},"loc":{"start":{"line":109,"column":36},"end":{"line":115,"column":null}}},"18":{"name":"(anonymous_32)","decl":{"start":{"line":110,"column":39},"end":{"line":110,"column":40}},"loc":{"start":{"line":110,"column":49},"end":{"line":110,"column":63}}},"19":{"name":"(anonymous_33)","decl":{"start":{"line":155,"column":15},"end":{"line":155,"column":32}},"loc":{"start":{"line":155,"column":58},"end":{"line":161,"column":null}}},"20":{"name":"(anonymous_35)","decl":{"start":{"line":156,"column":39},"end":{"line":156,"column":40}},"loc":{"start":{"line":156,"column":49},"end":{"line":156,"column":73}}},"21":{"name":"(anonymous_36)","decl":{"start":{"line":163,"column":15},"end":{"line":163,"column":32}},"loc":{"start":{"line":163,"column":58},"end":{"line":172,"column":null}}},"22":{"name":"(anonymous_38)","decl":{"start":{"line":165,"column":6},"end":{"line":165,"column":7}},"loc":{"start":{"line":165,"column":16},"end":{"line":165,"column":56}}},"23":{"name":"(anonymous_39)","decl":{"start":{"line":174,"column":15},"end":{"line":174,"column":32}},"loc":{"start":{"line":174,"column":61},"end":{"line":176,"column":null}}}},"branchMap":{"0":{"loc":{"start":{"line":123,"column":10},"end":{"line":124,"column":48}},"type":"binary-expr","locations":[{"start":{"line":123,"column":10},"end":{"line":123,"column":48}},{"start":{"line":124,"column":10},"end":{"line":124,"column":48}}]},"1":{"loc":{"start":{"line":127,"column":4},"end":{"line":133,"column":5}},"type":"if","locations":[{"start":{"line":127,"column":4},"end":{"line":133,"column":5}},{"start":{"line":129,"column":11},"end":{"line":133,"column":5}}]},"2":{"loc":{"start":{"line":129,"column":11},"end":{"line":133,"column":5}},"type":"if","locations":[{"start":{"line":129,"column":11},"end":{"line":133,"column":5}},{"start":{"line":131,"column":11},"end":{"line":133,"column":5}}]},"3":{"loc":{"start":{"line":142,"column":10},"end":{"line":143,"column":51}},"type":"binary-expr","locations":[{"start":{"line":142,"column":10},"end":{"line":142,"column":57}},{"start":{"line":143,"column":10},"end":{"line":143,"column":51}}]},"4":{"loc":{"start":{"line":146,"column":4},"end":{"line":152,"column":5}},"type":"if","locations":[{"start":{"line":146,"column":4},"end":{"line":152,"column":5}},{"start":{"line":148,"column":11},"end":{"line":152,"column":5}}]},"5":{"loc":{"start":{"line":148,"column":11},"end":{"line":152,"column":5}},"type":"if","locations":[{"start":{"line":148,"column":11},"end":{"line":152,"column":5}},{"start":{"line":150,"column":11},"end":{"line":152,"column":5}}]},"6":{"loc":{"start":{"line":93,"column":4},"end":{"line":97,"column":5}},"type":"if","locations":[{"start":{"line":93,"column":4},"end":{"line":97,"column":5}}]},"7":{"loc":{"start":{"line":103,"column":4},"end":{"line":106,"column":5}},"type":"if","locations":[{"start":{"line":103,"column":4},"end":{"line":106,"column":5}}]},"8":{"loc":{"start":{"line":112,"column":4},"end":{"line":114,"column":5}},"type":"if","locations":[{"start":{"line":112,"column":4},"end":{"line":114,"column":5}}]},"9":{"loc":{"start":{"line":158,"column":4},"end":{"line":160,"column":5}},"type":"if","locations":[{"start":{"line":158,"column":4},"end":{"line":160,"column":5}}]},"10":{"loc":{"start":{"line":165,"column":16},"end":{"line":165,"column":56}},"type":"binary-expr","locations":[{"start":{"line":165,"column":16},"end":{"line":165,"column":40}},{"start":{"line":165,"column":44},"end":{"line":165,"column":56}}]},"11":{"loc":{"start":{"line":168,"column":4},"end":{"line":171,"column":5}},"type":"if","locations":[{"start":{"line":168,"column":4},"end":{"line":171,"column":5}}]}},"s":{"0":7,"1":7,"2":7,"3":7,"4":7,"5":7,"6":7,"7":7,"8":0,"9":0,"10":0,"11":0,"12":0,"13":0,"14":0,"15":0,"16":7,"17":0,"18":0,"19":0,"20":0,"21":0,"22":0,"23":0,"24":0,"25":0,"26":0,"27":0,"28":0,"29":0,"30":0,"31":0,"32":0,"33":0,"34":0,"35":0,"36":0,"37":0,"38":0,"39":0,"40":0,"41":0,"42":0,"43":0,"44":0,"45":0,"46":0,"47":0,"48":0,"49":0,"50":0,"51":0,"52":0,"53":0,"54":0,"55":0,"56":0,"57":0,"58":7,"59":7,"60":7,"61":7,"62":7},"f":{"0":7,"1":0,"2":0,"3":0,"4":0,"5":0,"6":0,"7":0,"8":0,"9":0,"10":0,"11":0,"12":0,"13":0,"14":0,"15":0,"16":0,"17":0,"18":0,"19":0,"20":0,"21":0,"22":0,"23":0},"b":{"0":[0,0],"1":[0,0],"2":[0,0],"3":[0,0],"4":[0,0],"5":[0,0],"6":[0],"7":[0],"8":[0],"9":[0],"10":[0,0],"11":[0]}}
,"C:\\Users\\j0rda\\OneDrive\\Área de Trabalho\\labenu\\modulo-iv\\projeto-labeddit\\labeddit-backend\\labeddit-backend\\tests\\mocks\\TokenManagerMock.ts": {"path":"C:\\Users\\j0rda\\OneDrive\\Área de Trabalho\\labenu\\modulo-iv\\projeto-labeddit\\labeddit-backend\\labeddit-backend\\tests\\mocks\\TokenManagerMock.ts","statementMap":{"0":{"start":{"line":1,"column":0},"end":{"line":1,"column":65}},"1":{"start":{"line":4,"column":9},"end":{"line":12,"column":4}},"2":{"start":{"line":5,"column":4},"end":{"line":11,"column":5}},"3":{"start":{"line":6,"column":6},"end":{"line":6,"column":26}},"4":{"start":{"line":7,"column":11},"end":{"line":11,"column":5}},"5":{"start":{"line":8,"column":6},"end":{"line":8,"column":34}},"6":{"start":{"line":10,"column":6},"end":{"line":10,"column":34}},"7":{"start":{"line":14,"column":9},"end":{"line":30,"column":4}},"8":{"start":{"line":15,"column":4},"end":{"line":29,"column":5}},"9":{"start":{"line":16,"column":6},"end":{"line":20,"column":8}},"10":{"start":{"line":21,"column":11},"end":{"line":29,"column":5}},"11":{"start":{"line":22,"column":6},"end":{"line":26,"column":8}},"12":{"start":{"line":28,"column":6},"end":{"line":28,"column":18}},"13":{"start":{"line":3,"column":0},"end":{"line":3,"column":13}}},"fnMap":{"0":{"name":"(anonymous_0)","decl":{"start":{"line":3,"column":0},"end":{"line":3,"column":13}},"loc":{"start":{"line":3,"column":0},"end":{"line":31,"column":1}}},"1":{"name":"(anonymous_1)","decl":{"start":{"line":4,"column":23},"end":{"line":4,"column":24}},"loc":{"start":{"line":4,"column":57},"end":{"line":12,"column":3}}},"2":{"name":"(anonymous_2)","decl":{"start":{"line":14,"column":22},"end":{"line":14,"column":23}},"loc":{"start":{"line":14,"column":61},"end":{"line":30,"column":3}}}},"branchMap":{"0":{"loc":{"start":{"line":5,"column":4},"end":{"line":11,"column":5}},"type":"if","locations":[{"start":{"line":5,"column":4},"end":{"line":11,"column":5}},{"start":{"line":7,"column":11},"end":{"line":11,"column":5}}]},"1":{"loc":{"start":{"line":7,"column":11},"end":{"line":11,"column":5}},"type":"if","locations":[{"start":{"line":7,"column":11},"end":{"line":11,"column":5}},{"start":{"line":9,"column":11},"end":{"line":11,"column":5}}]},"2":{"loc":{"start":{"line":15,"column":4},"end":{"line":29,"column":5}},"type":"if","locations":[{"start":{"line":15,"column":4},"end":{"line":29,"column":5}},{"start":{"line":21,"column":11},"end":{"line":29,"column":5}}]},"3":{"loc":{"start":{"line":21,"column":11},"end":{"line":29,"column":5}},"type":"if","locations":[{"start":{"line":21,"column":11},"end":{"line":29,"column":5}},{"start":{"line":27,"column":11},"end":{"line":29,"column":5}}]}},"s":{"0":10,"1":10,"2":0,"3":0,"4":0,"5":0,"6":0,"7":10,"8":15,"9":0,"10":15,"11":1,"12":14,"13":10},"f":{"0":10,"1":0,"2":15},"b":{"0":[0,0],"1":[0,0],"2":[0,15],"3":[1,14]}}
,"C:\\Users\\j0rda\\OneDrive\\Área de Trabalho\\labenu\\modulo-iv\\projeto-labeddit\\labeddit-backend\\labeddit-backend\\tests\\mocks\\UserDatabaseMock.ts": {"path":"C:\\Users\\j0rda\\OneDrive\\Área de Trabalho\\labenu\\modulo-iv\\projeto-labeddit\\labeddit-backend\\labeddit-backend\\tests\\mocks\\UserDatabaseMock.ts","statementMap":{"0":{"start":{"line":1,"column":0},"end":{"line":1,"column":59}},"1":{"start":{"line":2,"column":0},"end":{"line":2,"column":63}},"2":{"start":{"line":4,"column":13},"end":{"line":21,"column":2}},"3":{"start":{"line":27,"column":4},"end":{"line":33,"column":5}},"4":{"start":{"line":28,"column":6},"end":{"line":30,"column":8}},"5":{"start":{"line":29,"column":8},"end":{"line":29,"column":69}},"6":{"start":{"line":32,"column":6},"end":{"line":32,"column":23}},"7":{"start":{"line":37,"column":4},"end":{"line":37,"column":57}},"8":{"start":{"line":37,"column":38},"end":{"line":37,"column":52}},"9":{"start":{"line":41,"column":4},"end":{"line":41,"column":63}},"10":{"start":{"line":41,"column":38},"end":{"line":41,"column":58}},"11":{"start":{"line":44,"column":61},"end":{"line":44,"column":null}},"12":{"start":{"line":23,"column":0},"end":{"line":23,"column":13}},"13":{"start":{"line":24,"column":16},"end":{"line":24,"column":38}}},"fnMap":{"0":{"name":"(anonymous_7)","decl":{"start":{"line":26,"column":15},"end":{"line":26,"column":24}},"loc":{"start":{"line":26,"column":46},"end":{"line":34,"column":null}}},"1":{"name":"(anonymous_9)","decl":{"start":{"line":28,"column":30},"end":{"line":28,"column":31}},"loc":{"start":{"line":29,"column":8},"end":{"line":29,"column":69}}},"2":{"name":"(anonymous_10)","decl":{"start":{"line":36,"column":15},"end":{"line":36,"column":27}},"loc":{"start":{"line":36,"column":38},"end":{"line":38,"column":null}}},"3":{"name":"(anonymous_12)","decl":{"start":{"line":37,"column":28},"end":{"line":37,"column":29}},"loc":{"start":{"line":37,"column":38},"end":{"line":37,"column":52}}},"4":{"name":"(anonymous_13)","decl":{"start":{"line":40,"column":15},"end":{"line":40,"column":30}},"loc":{"start":{"line":40,"column":44},"end":{"line":42,"column":null}}},"5":{"name":"(anonymous_15)","decl":{"start":{"line":41,"column":28},"end":{"line":41,"column":29}},"loc":{"start":{"line":41,"column":38},"end":{"line":41,"column":58}}},"6":{"name":"(anonymous_16)","decl":{"start":{"line":44,"column":15},"end":{"line":44,"column":25}},"loc":{"start":{"line":44,"column":43},"end":{"line":44,"column":null}}},"7":{"name":"(anonymous_17)","decl":{"start":{"line":44,"column":61},"end":{"line":44,"column":62}},"loc":{"start":{"line":44,"column":61},"end":{"line":44,"column":62}}}},"branchMap":{"0":{"loc":{"start":{"line":27,"column":4},"end":{"line":33,"column":5}},"type":"if","locations":[{"start":{"line":27,"column":4},"end":{"line":33,"column":5}},{"start":{"line":31,"column":11},"end":{"line":33,"column":5}}]}},"s":{"0":3,"1":3,"2":3,"3":1,"4":0,"5":0,"6":1,"7":0,"8":0,"9":3,"10":6,"11":0,"12":3,"13":3},"f":{"0":1,"1":0,"2":0,"3":0,"4":3,"5":6,"6":0,"7":0},"b":{"0":[0,1]}}
}
