TN:
SF:src\business\CommentBusiness.ts
FN:28,(anonymous_7)
FN:35,(anonymous_8)
FN:37,(anonymous_9)
FN:48,(anonymous_10)
FN:69,(anonymous_11)
FN:71,(anonymous_12)
FN:107,(anonymous_13)
FN:109,(anonymous_14)
FNF:8
FNH:7
FNDA:3,(anonymous_7)
FNDA:2,(anonymous_8)
FNDA:2,(anonymous_9)
FNDA:0,(anonymous_10)
FNDA:1,(anonymous_11)
FNDA:1,(anonymous_12)
FNDA:2,(anonymous_13)
FNDA:2,(anonymous_14)
DA:3,3
DA:4,3
DA:5,3
DA:21,3
DA:27,3
DA:29,3
DA:30,3
DA:31,3
DA:32,3
DA:35,3
DA:37,2
DA:38,2
DA:40,2
DA:42,2
DA:43,2
DA:46,0
DA:48,0
DA:49,0
DA:61,0
DA:64,0
DA:66,0
DA:69,3
DA:71,1
DA:72,1
DA:74,1
DA:76,1
DA:77,1
DA:80,0
DA:82,0
DA:93,0
DA:94,0
DA:96,0
DA:98,0
DA:107,3
DA:109,2
DA:110,2
DA:112,2
DA:114,2
DA:115,2
DA:119,0
DA:121,0
DA:122,0
DA:125,0
DA:137,0
DA:139,0
DA:145,0
DA:149,0
DA:150,0
DA:151,0
DA:152,0
DA:154,0
DA:155,0
DA:156,0
DA:158,0
DA:159,0
DA:160,0
DA:161,0
DA:163,0
DA:164,0
DA:165,0
DA:168,0
DA:169,0
DA:172,0
DA:173,0
DA:175,0
DA:177,0
LF:66
LH:27
BRDA:42,0,0,2
BRDA:76,1,0,1
BRDA:114,2,0,2
BRDA:121,3,0,0
BRDA:137,4,0,0
BRDA:137,4,1,0
BRDA:149,5,0,0
BRDA:149,5,1,0
BRDA:150,6,0,0
BRDA:150,6,1,0
BRDA:158,7,0,0
BRDA:158,7,1,0
BRDA:159,8,0,0
BRDA:159,8,1,0
BRDA:169,9,0,0
BRDA:169,9,1,0
BRF:16
BRH:3
end_of_record
TN:
SF:src\business\PostBusiness.ts
FN:36,checkRating
FN:44,(anonymous_8)
FN:50,(anonymous_9)
FN:52,(anonymous_10)
FN:97,(anonymous_11)
FN:99,(anonymous_12)
FN:168,(anonymous_13)
FN:170,(anonymous_14)
FN:205,(anonymous_15)
FN:207,(anonymous_16)
FN:247,(anonymous_17)
FN:249,(anonymous_18)
FN:277,(anonymous_19)
FN:279,(anonymous_20)
FNF:14
FNH:9
FNDA:0,checkRating
FNDA:4,(anonymous_8)
FNDA:2,(anonymous_9)
FNDA:2,(anonymous_10)
FNDA:2,(anonymous_11)
FNDA:2,(anonymous_12)
FNDA:2,(anonymous_13)
FNDA:2,(anonymous_14)
FNDA:0,(anonymous_15)
FNDA:0,(anonymous_16)
FNDA:0,(anonymous_17)
FNDA:0,(anonymous_18)
FNDA:3,(anonymous_19)
FNDA:3,(anonymous_20)
DA:1,4
DA:2,4
DA:3,4
DA:7,4
DA:8,4
DA:37,0
DA:38,0
DA:40,0
DA:43,4
DA:45,4
DA:46,4
DA:47,4
DA:50,4
DA:52,2
DA:53,2
DA:55,2
DA:57,2
DA:58,2
DA:61,0
DA:63,0
DA:65,0
DA:66,0
DA:72,0
DA:77,0
DA:90,0
DA:91,0
DA:94,0
DA:97,4
DA:99,2
DA:100,2
DA:102,2
DA:104,2
DA:105,2
DA:108,0
DA:110,0
DA:111,0
DA:117,0
DA:118,0
DA:120,0
DA:122,0
DA:128,0
DA:137,0
DA:140,0
DA:146,0
DA:160,0
DA:162,0
DA:165,0
DA:168,4
DA:170,2
DA:171,2
DA:173,2
DA:175,2
DA:176,2
DA:179,0
DA:181,0
DA:192,0
DA:194,0
DA:196,0
DA:205,4
DA:207,0
DA:208,0
DA:210,0
DA:212,0
DA:213,0
DA:216,0
DA:218,0
DA:219,0
DA:222,0
DA:223,0
DA:226,0
DA:237,0
DA:239,0
DA:240,0
DA:242,0
DA:244,0
DA:247,4
DA:249,0
DA:250,0
DA:252,0
DA:254,0
DA:255,0
DA:258,0
DA:260,0
DA:261,0
DA:264,0
DA:265,0
DA:266,0
DA:270,0
DA:272,0
DA:274,0
DA:277,4
DA:279,3
DA:280,3
DA:282,3
DA:284,3
DA:285,3
DA:288,0
DA:290,0
DA:291,0
DA:294,0
DA:305,0
DA:307,0
DA:313,0
DA:317,0
DA:318,0
DA:319,0
DA:320,0
DA:322,0
DA:323,0
DA:324,0
DA:326,0
DA:327,0
DA:328,0
DA:329,0
DA:331,0
DA:332,0
DA:333,0
DA:336,0
DA:337,0
DA:340,0
DA:341,0
DA:343,0
DA:345,0
LF:123
LH:35
BRDA:37,0,0,0
BRDA:38,1,0,0
BRDA:57,2,0,2
BRDA:104,3,0,2
BRDA:110,4,0,0
BRDA:175,5,0,2
BRDA:212,6,0,0
BRDA:218,7,0,0
BRDA:222,8,0,0
BRDA:254,9,0,0
BRDA:260,10,0,0
BRDA:264,11,0,0
BRDA:265,12,0,0
BRDA:284,13,0,3
BRDA:290,14,0,0
BRDA:305,15,0,0
BRDA:305,15,1,0
BRDA:317,16,0,0
BRDA:317,16,1,0
BRDA:318,17,0,0
BRDA:318,17,1,0
BRDA:326,18,0,0
BRDA:326,18,1,0
BRDA:327,19,0,0
BRDA:327,19,1,0
BRDA:337,20,0,0
BRDA:337,20,1,0
BRF:27
BRH:4
end_of_record
TN:
SF:src\business\UserBusiness.ts
FN:19,(anonymous_7)
FN:26,(anonymous_8)
FN:28,(anonymous_9)
FN:39,(anonymous_10)
FN:57,(anonymous_11)
FN:59,(anonymous_12)
FN:100,(anonymous_13)
FN:102,(anonymous_14)
FNF:8
FNH:6
FNDA:3,(anonymous_7)
FNDA:1,(anonymous_8)
FNDA:1,(anonymous_9)
FNDA:2,(anonymous_10)
FNDA:0,(anonymous_11)
FNDA:0,(anonymous_12)
FNDA:3,(anonymous_13)
FNDA:3,(anonymous_14)
DA:2,3
DA:3,3
DA:4,3
DA:18,3
DA:20,3
DA:21,3
DA:22,3
DA:23,3
DA:26,3
DA:28,1
DA:29,1
DA:31,1
DA:33,1
DA:34,0
DA:37,1
DA:39,1
DA:40,2
DA:49,2
DA:52,1
DA:54,1
DA:57,3
DA:59,0
DA:60,0
DA:62,0
DA:64,0
DA:66,0
DA:67,0
DA:70,0
DA:72,0
DA:81,0
DA:82,0
DA:84,0
DA:90,0
DA:92,0
DA:97,0
DA:100,3
DA:102,3
DA:103,3
DA:105,3
DA:107,3
DA:108,1
DA:111,2
DA:114,2
DA:120,2
DA:121,2
DA:124,0
DA:133,0
DA:139,0
DA:141,0
DA:149,0
LF:50
LH:30
BRDA:33,0,0,0
BRDA:66,1,0,0
BRDA:107,2,0,1
BRDA:120,3,0,2
BRF:4
BRH:2
end_of_record
TN:
SF:src\database\BaseDatabase.ts
FN:16,(anonymous_1)
FNF:1
FNH:0
FNDA:0,(anonymous_1)
DA:1,10
DA:2,10
DA:4,10
DA:6,10
DA:7,10
DA:17,0
LF:6
LH:5
BRF:0
BRH:0
end_of_record
TN:
SF:src\dtos\comments\createComments.dto.ts
FN:16,(anonymous_1)
FNF:1
FNH:1
FNDA:1,(anonymous_1)
DA:1,1
DA:10,1
DA:16,1
LF:3
LH:3
BRF:0
BRH:0
end_of_record
TN:
SF:src\dtos\comments\getComments.dtos.ts
FN:15,(anonymous_1)
FNF:1
FNH:1
FNDA:2,(anonymous_1)
DA:1,1
DA:10,1
DA:15,2
LF:3
LH:3
BRF:0
BRH:0
end_of_record
TN:
SF:src\dtos\comments\likeOrDislikeComments.dto.ts
FN:16,(anonymous_1)
FNF:1
FNH:1
FNDA:2,(anonymous_1)
DA:1,1
DA:10,1
DA:16,2
LF:3
LH:3
BRF:0
BRH:0
end_of_record
TN:
SF:src\dtos\posts\createPost.dto.ts
FN:14,(anonymous_1)
FNF:1
FNH:1
FNDA:2,(anonymous_1)
DA:1,1
DA:9,1
DA:14,2
LF:3
LH:3
BRF:0
BRH:0
end_of_record
TN:
SF:src\dtos\posts\getPostById.dto.ts
FN:15,(anonymous_1)
FNF:1
FNH:1
FNDA:2,(anonymous_1)
DA:1,1
DA:10,1
DA:15,2
LF:3
LH:3
BRF:0
BRH:0
end_of_record
TN:
SF:src\dtos\posts\getPosts.dto.ts
FN:13,(anonymous_1)
FNF:1
FNH:1
FNDA:2,(anonymous_1)
DA:1,1
DA:9,1
DA:13,2
LF:3
LH:3
BRF:0
BRH:0
end_of_record
TN:
SF:src\dtos\posts\likeOrDislikePost.dto.ts
FN:16,(anonymous_1)
FNF:1
FNH:1
FNDA:3,(anonymous_1)
DA:1,1
DA:10,1
DA:16,3
LF:3
LH:3
BRF:0
BRH:0
end_of_record
TN:
SF:src\dtos\users\getUsers.dto.ts
FN:15,(anonymous_1)
FNF:1
FNH:1
FNDA:1,(anonymous_1)
DA:1,1
DA:10,1
DA:15,1
LF:3
LH:3
BRF:0
BRH:0
end_of_record
TN:
SF:src\dtos\users\login.dto.ts
FN:32,(anonymous_1)
FNF:1
FNH:1
FNDA:3,(anonymous_1)
DA:1,1
DA:15,1
DA:32,3
LF:3
LH:3
BRF:0
BRH:0
end_of_record
TN:
SF:src\dtos\users\signup.dto.ts
FN:47,(anonymous_1)
FNF:1
FNH:0
FNDA:0,(anonymous_1)
DA:1,1
DA:13,1
DA:47,0
LF:3
LH:2
BRF:0
BRH:0
end_of_record
TN:
SF:src\errors\BadRequestError.ts
FN:4,(anonymous_0)
FNF:1
FNH:1
FNDA:15,(anonymous_0)
DA:1,10
DA:3,10
DA:5,15
LF:3
LH:3
BRDA:4,0,0,0
BRF:1
BRH:0
end_of_record
TN:
SF:src\errors\BaseError.ts
FN:2,(anonymous_0)
FNF:1
FNH:1
FNDA:17,(anonymous_0)
DA:1,10
DA:2,17
DA:3,17
LF:3
LH:3
BRF:0
BRH:0
end_of_record
TN:
SF:src\errors\NotFoundError.ts
FN:4,(anonymous_0)
FNF:1
FNH:1
FNDA:1,(anonymous_0)
DA:1,10
DA:3,10
DA:5,1
LF:3
LH:3
BRDA:4,0,0,0
BRF:1
BRH:0
end_of_record
TN:
SF:src\errors\UnauthorizedError.ts
FN:4,(anonymous_0)
FNF:1
FNH:1
FNDA:1,(anonymous_0)
DA:1,3
DA:3,3
DA:5,1
LF:3
LH:3
BRDA:4,0,0,0
BRF:1
BRH:0
end_of_record
TN:
SF:src\models\Comments.ts
FN:42,(anonymous_0)
FN:47,(anonymous_1)
FN:99,(anonymous_2)
FN:103,(anonymous_3)
FN:107,(anonymous_4)
FN:111,(anonymous_5)
FN:59,(anonymous_6)
FN:63,(anonymous_7)
FN:67,(anonymous_8)
FN:71,(anonymous_9)
FN:75,(anonymous_10)
FN:79,(anonymous_11)
FN:83,(anonymous_12)
FN:87,(anonymous_13)
FN:91,(anonymous_14)
FN:95,(anonymous_15)
FN:115,(anonymous_16)
FN:119,(anonymous_17)
FN:123,(anonymous_18)
FN:127,(anonymous_19)
FN:131,(anonymous_20)
FN:135,(anonymous_21)
FN:139,(anonymous_22)
FN:143,(anonymous_23)
FN:147,(anonymous_24)
FN:160,(anonymous_25)
FNF:26
FNH:1
FNDA:7,(anonymous_0)
FNDA:0,(anonymous_1)
FNDA:0,(anonymous_2)
FNDA:0,(anonymous_3)
FNDA:0,(anonymous_4)
FNDA:0,(anonymous_5)
FNDA:0,(anonymous_6)
FNDA:0,(anonymous_7)
FNDA:0,(anonymous_8)
FNDA:0,(anonymous_9)
FNDA:0,(anonymous_10)
FNDA:0,(anonymous_11)
FNDA:0,(anonymous_12)
FNDA:0,(anonymous_13)
FNDA:0,(anonymous_14)
FNDA:0,(anonymous_15)
FNDA:0,(anonymous_16)
FNDA:0,(anonymous_17)
FNDA:0,(anonymous_18)
FNDA:0,(anonymous_19)
FNDA:0,(anonymous_20)
FNDA:0,(anonymous_21)
FNDA:0,(anonymous_22)
FNDA:0,(anonymous_23)
FNDA:0,(anonymous_24)
FNDA:0,(anonymous_25)
DA:42,7
DA:43,7
DA:44,7
DA:46,7
DA:48,0
DA:49,0
DA:50,0
DA:51,0
DA:52,0
DA:53,0
DA:54,0
DA:55,0
DA:56,0
DA:60,0
DA:64,0
DA:68,0
DA:72,0
DA:76,0
DA:80,0
DA:84,0
DA:88,0
DA:92,0
DA:96,0
DA:99,0
DA:100,0
DA:103,0
DA:104,0
DA:107,0
DA:108,0
DA:111,0
DA:112,0
DA:116,0
DA:120,0
DA:124,0
DA:128,0
DA:132,0
DA:136,0
DA:140,0
DA:144,0
DA:148,0
DA:161,0
LF:41
LH:4
BRDA:42,0,0,7
BRDA:42,0,1,7
BRDA:140,1,0,0
BRDA:140,1,1,0
BRDA:171,2,0,0
BRDA:171,2,1,0
BRF:6
BRH:2
end_of_record
TN:
SF:src\models\Posts.ts
FN:46,(anonymous_0)
FN:51,(anonymous_1)
FN:89,(anonymous_2)
FN:93,(anonymous_3)
FN:105,(anonymous_4)
FN:109,(anonymous_5)
FN:65,(anonymous_6)
FN:69,(anonymous_7)
FN:73,(anonymous_8)
FN:77,(anonymous_9)
FN:81,(anonymous_10)
FN:85,(anonymous_11)
FN:97,(anonymous_12)
FN:101,(anonymous_13)
FN:113,(anonymous_14)
FN:117,(anonymous_15)
FN:121,(anonymous_16)
FN:125,(anonymous_17)
FN:129,(anonymous_18)
FN:133,(anonymous_19)
FN:137,(anonymous_20)
FN:141,(anonymous_21)
FN:145,(anonymous_22)
FN:149,(anonymous_23)
FN:153,(anonymous_24)
FN:157,(anonymous_25)
FN:161,(anonymous_26)
FN:174,(anonymous_27)
FNF:28
FNH:1
FNDA:7,(anonymous_0)
FNDA:0,(anonymous_1)
FNDA:0,(anonymous_2)
FNDA:0,(anonymous_3)
FNDA:0,(anonymous_4)
FNDA:0,(anonymous_5)
FNDA:0,(anonymous_6)
FNDA:0,(anonymous_7)
FNDA:0,(anonymous_8)
FNDA:0,(anonymous_9)
FNDA:0,(anonymous_10)
FNDA:0,(anonymous_11)
FNDA:0,(anonymous_12)
FNDA:0,(anonymous_13)
FNDA:0,(anonymous_14)
FNDA:0,(anonymous_15)
FNDA:0,(anonymous_16)
FNDA:0,(anonymous_17)
FNDA:0,(anonymous_18)
FNDA:0,(anonymous_19)
FNDA:0,(anonymous_20)
FNDA:0,(anonymous_21)
FNDA:0,(anonymous_22)
FNDA:0,(anonymous_23)
FNDA:0,(anonymous_24)
FNDA:0,(anonymous_25)
FNDA:0,(anonymous_26)
FNDA:0,(anonymous_27)
DA:46,7
DA:47,7
DA:48,7
DA:50,7
DA:52,0
DA:53,0
DA:54,0
DA:55,0
DA:56,0
DA:57,0
DA:58,0
DA:59,0
DA:60,0
DA:61,0
DA:62,0
DA:66,0
DA:70,0
DA:74,0
DA:78,0
DA:82,0
DA:86,0
DA:89,0
DA:90,0
DA:93,0
DA:94,0
DA:98,0
DA:102,0
DA:105,0
DA:106,0
DA:109,0
DA:110,0
DA:114,0
DA:118,0
DA:122,0
DA:126,0
DA:130,0
DA:134,0
DA:138,0
DA:142,0
DA:146,0
DA:150,0
DA:154,0
DA:158,0
DA:162,0
DA:175,0
LF:45
LH:4
BRDA:46,0,0,7
BRDA:46,0,1,7
BRDA:146,1,0,0
BRDA:146,1,1,0
BRDA:154,2,0,0
BRDA:154,2,1,0
BRDA:187,3,0,0
BRDA:187,3,1,0
BRF:8
BRH:2
end_of_record
TN:
SF:src\models\User.ts
FN:1,(anonymous_0)
FN:26,(anonymous_1)
FN:35,(anonymous_2)
FN:39,(anonymous_3)
FN:43,(anonymous_4)
FN:47,(anonymous_5)
FN:51,(anonymous_6)
FN:55,(anonymous_7)
FN:59,(anonymous_8)
FN:63,(anonymous_9)
FN:67,(anonymous_10)
FN:71,(anonymous_11)
FN:75,(anonymous_12)
FN:79,(anonymous_13)
FN:83,(anonymous_14)
FN:94,(anonymous_15)
FNF:16
FNH:3
FNDA:10,(anonymous_0)
FNDA:2,(anonymous_1)
FNDA:0,(anonymous_2)
FNDA:0,(anonymous_3)
FNDA:0,(anonymous_4)
FNDA:0,(anonymous_5)
FNDA:0,(anonymous_6)
FNDA:0,(anonymous_7)
FNDA:0,(anonymous_8)
FNDA:0,(anonymous_9)
FNDA:0,(anonymous_10)
FNDA:0,(anonymous_11)
FNDA:0,(anonymous_12)
FNDA:0,(anonymous_13)
FNDA:0,(anonymous_14)
FNDA:2,(anonymous_15)
DA:1,10
DA:2,10
DA:3,10
DA:25,10
DA:27,2
DA:28,2
DA:29,2
DA:30,2
DA:31,2
DA:32,2
DA:36,0
DA:40,0
DA:44,0
DA:48,0
DA:52,0
DA:56,0
DA:60,0
DA:64,0
DA:68,0
DA:72,0
DA:76,0
DA:80,0
DA:84,0
DA:95,2
LF:24
LH:11
BRDA:1,0,0,10
BRDA:1,0,1,10
BRF:2
BRH:2
end_of_record
TN:
SF:tests\mocks\CommentDatabaseMock.ts
FN:65,(anonymous_7)
FN:69,(anonymous_9)
FN:71,(anonymous_11)
FN:77,(anonymous_12)
FN:79,(anonymous_14)
FN:85,(anonymous_15)
FN:89,(anonymous_17)
FN:93,(anonymous_19)
FN:105,(anonymous_20)
FN:107,(anonymous_22)
FN:115,(anonymous_23)
FN:117,(anonymous_25)
FN:126,(anonymous_26)
FN:132,(anonymous_28)
FN:134,(anonymous_30)
FNF:15
FNH:0
FNDA:0,(anonymous_7)
FNDA:0,(anonymous_9)
FNDA:0,(anonymous_11)
FNDA:0,(anonymous_12)
FNDA:0,(anonymous_14)
FNDA:0,(anonymous_15)
FNDA:0,(anonymous_17)
FNDA:0,(anonymous_19)
FNDA:0,(anonymous_20)
FNDA:0,(anonymous_22)
FNDA:0,(anonymous_23)
FNDA:0,(anonymous_25)
FNDA:0,(anonymous_26)
FNDA:0,(anonymous_28)
FNDA:0,(anonymous_30)
DA:1,7
DA:28,7
DA:47,7
DA:60,7
DA:61,7
DA:62,7
DA:63,7
DA:66,0
DA:70,0
DA:71,0
DA:74,0
DA:78,0
DA:79,0
DA:82,0
DA:86,0
DA:93,0
DA:94,0
DA:98,0
DA:99,0
DA:101,0
DA:106,0
DA:107,0
DA:110,0
DA:111,0
DA:116,0
DA:117,0
DA:120,0
DA:121,0
DA:122,0
DA:129,0
DA:133,0
DA:134,0
DA:137,0
DA:138,0
DA:139,0
LF:35
LH:7
BRDA:94,0,0,0
BRDA:94,0,1,0
BRDA:98,1,0,0
BRDA:98,1,1,0
BRDA:99,2,0,0
BRDA:99,2,1,0
BRDA:110,3,0,0
BRDA:117,4,0,0
BRDA:117,4,1,0
BRDA:120,5,0,0
BRDA:137,6,0,0
BRF:11
BRH:0
end_of_record
TN:
SF:tests\mocks\HashManagerMock.ts
FN:1,(anonymous_7)
FN:2,(anonymous_8)
FN:4,(anonymous_9)
FN:8,(anonymous_10)
FN:11,(anonymous_11)
FNF:5
FNH:3
FNDA:3,(anonymous_7)
FNDA:0,(anonymous_8)
FNDA:0,(anonymous_9)
FNDA:2,(anonymous_10)
FNDA:2,(anonymous_11)
DA:1,3
DA:2,3
DA:4,0
DA:5,0
DA:8,3
DA:11,2
DA:12,2
DA:14,0
DA:17,0
DA:20,2
LF:10
LH:6
BRDA:12,0,0,0
BRDA:12,0,1,0
BRDA:12,0,2,2
BRF:3
BRH:1
end_of_record
TN:
SF:tests\mocks\IdGeneratorMock.ts
FN:1,(anonymous_0)
FN:2,(anonymous_1)
FNF:2
FNH:1
FNDA:10,(anonymous_0)
FNDA:0,(anonymous_1)
DA:1,10
DA:2,10
DA:3,0
LF:3
LH:2
BRF:0
BRH:0
end_of_record
TN:
SF:tests\mocks\PostDatabaseMock.ts
FN:62,(anonymous_7)
FN:117,(anonymous_8)
FN:119,(anonymous_9)
FN:122,(anonymous_10)
FN:136,(anonymous_11)
FN:138,(anonymous_12)
FN:141,(anonymous_13)
FN:68,(anonymous_14)
FN:72,(anonymous_16)
FN:73,(anonymous_18)
FN:78,(anonymous_19)
FN:80,(anonymous_21)
FN:86,(anonymous_22)
FN:90,(anonymous_24)
FN:91,(anonymous_26)
FN:100,(anonymous_27)
FN:101,(anonymous_29)
FN:109,(anonymous_30)
FN:110,(anonymous_32)
FN:155,(anonymous_33)
FN:156,(anonymous_35)
FN:163,(anonymous_36)
FN:165,(anonymous_38)
FN:174,(anonymous_39)
FNF:24
FNH:1
FNDA:7,(anonymous_7)
FNDA:0,(anonymous_8)
FNDA:0,(anonymous_9)
FNDA:0,(anonymous_10)
FNDA:0,(anonymous_11)
FNDA:0,(anonymous_12)
FNDA:0,(anonymous_13)
FNDA:0,(anonymous_14)
FNDA:0,(anonymous_16)
FNDA:0,(anonymous_18)
FNDA:0,(anonymous_19)
FNDA:0,(anonymous_21)
FNDA:0,(anonymous_22)
FNDA:0,(anonymous_24)
FNDA:0,(anonymous_26)
FNDA:0,(anonymous_27)
FNDA:0,(anonymous_29)
FNDA:0,(anonymous_30)
FNDA:0,(anonymous_32)
FNDA:0,(anonymous_33)
FNDA:0,(anonymous_35)
FNDA:0,(anonymous_36)
FNDA:0,(anonymous_38)
FNDA:0,(anonymous_39)
DA:1,7
DA:2,7
DA:3,7
DA:4,7
DA:23,7
DA:36,7
DA:49,7
DA:62,7
DA:63,7
DA:64,7
DA:65,7
DA:66,7
DA:69,0
DA:73,0
DA:75,0
DA:79,0
DA:80,0
DA:83,0
DA:87,0
DA:91,0
DA:93,0
DA:94,0
DA:95,0
DA:96,0
DA:101,0
DA:103,0
DA:104,0
DA:105,0
DA:110,0
DA:112,0
DA:113,0
DA:117,7
DA:119,0
DA:121,0
DA:123,0
DA:127,0
DA:128,0
DA:129,0
DA:130,0
DA:132,0
DA:136,7
DA:138,0
DA:140,0
DA:142,0
DA:146,0
DA:147,0
DA:148,0
DA:149,0
DA:151,0
DA:156,0
DA:158,0
DA:159,0
DA:164,0
DA:165,0
DA:168,0
DA:169,0
DA:170,0
DA:175,0
LF:58
LH:14
BRDA:123,0,0,0
BRDA:123,0,1,0
BRDA:127,1,0,0
BRDA:127,1,1,0
BRDA:129,2,0,0
BRDA:129,2,1,0
BRDA:142,3,0,0
BRDA:142,3,1,0
BRDA:146,4,0,0
BRDA:146,4,1,0
BRDA:148,5,0,0
BRDA:148,5,1,0
BRDA:93,6,0,0
BRDA:103,7,0,0
BRDA:112,8,0,0
BRDA:158,9,0,0
BRDA:165,10,0,0
BRDA:165,10,1,0
BRDA:168,11,0,0
BRF:19
BRH:0
end_of_record
TN:
SF:tests\mocks\TokenManagerMock.ts
FN:3,(anonymous_0)
FN:4,(anonymous_1)
FN:14,(anonymous_2)
FNF:3
FNH:2
FNDA:10,(anonymous_0)
FNDA:0,(anonymous_1)
FNDA:15,(anonymous_2)
DA:1,10
DA:3,10
DA:4,10
DA:5,0
DA:6,0
DA:7,0
DA:8,0
DA:10,0
DA:14,10
DA:15,15
DA:16,0
DA:21,15
DA:22,1
DA:28,14
LF:14
LH:8
BRDA:5,0,0,0
BRDA:5,0,1,0
BRDA:7,1,0,0
BRDA:7,1,1,0
BRDA:15,2,0,0
BRDA:15,2,1,15
BRDA:21,3,0,1
BRDA:21,3,1,14
BRF:8
BRH:3
end_of_record
TN:
SF:tests\mocks\UserDatabaseMock.ts
FN:26,(anonymous_7)
FN:28,(anonymous_9)
FN:36,(anonymous_10)
FN:37,(anonymous_12)
FN:40,(anonymous_13)
FN:41,(anonymous_15)
FN:44,(anonymous_16)
FN:44,(anonymous_17)
FNF:8
FNH:3
FNDA:1,(anonymous_7)
FNDA:0,(anonymous_9)
FNDA:0,(anonymous_10)
FNDA:0,(anonymous_12)
FNDA:3,(anonymous_13)
FNDA:6,(anonymous_15)
FNDA:0,(anonymous_16)
FNDA:0,(anonymous_17)
DA:1,3
DA:2,3
DA:4,3
DA:23,3
DA:24,3
DA:27,1
DA:28,0
DA:29,0
DA:32,1
DA:37,0
DA:41,6
DA:44,0
LF:12
LH:8
BRDA:27,0,0,0
BRDA:27,0,1,1
BRF:2
BRH:1
end_of_record
